<?xml version="1.0" encoding="utf-8"?><testsuites name="pytest tests"><testsuite name="pytest" errors="0" failures="0" skipped="0" tests="13" time="2.352" timestamp="2026-07-13T07:23:51.130934+00:00" hostname="agent-env-0afbcb3a-7e7d-404d-818e-e21b39a6a2c4"><testcase classname="backend.tests.test_cashbook_opening_date_bug.TestOpeningDateMidMonth" name="test_summary_includes_opening_when_date_mid_month" time="0.660" /><testcase classname="backend.tests.test_cashbook_opening_date_bug.TestOpeningDateMidMonth" name="test_transactions_endpoint_includes_opening_when_date_mid_month" time="0.097" /><testcase classname="backend.tests.test_cashbook_opening_date_bug.TestOpeningDateBeforeMonth" name="test_summary_includes_opening_when_date_before_month" time="0.094" /><testcase classname="backend.tests.test_cashbook_opening_date_bug.TestOpeningDateBeforeMonth" name="test_transactions_includes_opening_when_date_before_month" time="0.094" /><testcase classname="backend.tests.test_cashbook_opening_date_bug.TestOpeningDateFuture" name="test_summary_opening_zero_when_date_future" time="0.089" /><testcase classname="backend.tests.test_cashbook_opening_date_bug.TestOpeningDateFuture" name="test_summary_opening_zero_vs_included_diff_is_5M" time="0.181" /><testcase classname="backend.tests.test_cashbook_opening_date_bug.TestOpeningDateFuture" name="test_transactions_opening_excluded_when_date_future" time="0.089" /><testcase classname="backend.tests.test_cashbook_opening_date_bug.TestOpeningDateFirstOfMonth" name="test_summary_first_of_month_included" time="0.180" /><testcase classname="backend.tests.test_cashbook_opening_date_bug.TestOpeningDateLastOfMonth" name="test_summary_last_of_month_included" time="0.205" /><testcase classname="backend.tests.test_cashbook_opening_date_bug.TestOpeningDateLastOfMonth" name="test_summary_day_after_last_excluded" time="0.183" /><testcase classname="backend.tests.test_cashbook_opening_date_bug.TestBalanceEndpointUnchanged" name="test_balance_always_includes_opening" time="0.090" /><testcase classname="backend.tests.test_cashbook_opening_date_bug.TestBalanceEndpointUnchanged" name="test_balance_includes_opening_even_when_date_future" time="0.128" /><testcase classname="backend.tests.test_cashbook_opening_date_bug.TestSummaryClosingMatchesBalance" name="test_july_closing_matches_realtime_when_opening_mid_july" time="0.215" /></testsuite></testsuites>