<?xml version="1.0" encoding="utf-8"?><testsuites name="pytest tests"><testsuite name="pytest" errors="0" failures="0" skipped="0" tests="7" time="1.495" timestamp="2026-07-14T09:39:36.192945+00:00" hostname="agent-env-0afbcb3a-7e7d-404d-818e-e21b39a6a2c4"><testcase classname="backend.tests.test_products_finance.TestProductFinanceFields" name="test_create_product_with_finance_fields" time="0.614" /><testcase classname="backend.tests.test_products_finance.TestProductFinanceFields" name="test_get_product_returns_enriched_fields" time="0.073" /><testcase classname="backend.tests.test_products_finance.TestProductFinanceFields" name="test_update_product_finance_fields" time="0.117" /><testcase classname="backend.tests.test_products_finance.TestProductFinanceFields" name="test_backward_compat_default_zero" time="0.057" /><testcase classname="backend.tests.test_products_finance.TestProductFinanceFields" name="test_list_products_returns_enriched" time="0.057" /><testcase classname="backend.tests.test_products_finance.TestProductFinanceFields" name="test_sale_does_not_decrement_product_stock" time="0.289" /><testcase classname="backend.tests.test_products_finance.TestProductFinanceFields" name="test_zzz_cleanup" time="0.247" /></testsuite></testsuites>