<?xml version="1.0" encoding="utf-8"?><testsuites name="pytest tests"><testsuite name="pytest" errors="0" failures="0" skipped="0" tests="23" time="3.508" timestamp="2026-07-14T01:06:07.422722+00:00" hostname="agent-env-0afbcb3a-7e7d-404d-818e-e21b39a6a2c4"><testcase classname="backend.tests.test_products_bom.TestProductsCRUD" name="test_list_products" time="0.404" /><testcase classname="backend.tests.test_products_bom.TestProductsCRUD" name="test_create_product_slayer" time="0.170" /><testcase classname="backend.tests.test_products_bom.TestProductsCRUD" name="test_get_product" time="0.050" /><testcase classname="backend.tests.test_products_bom.TestProductsCRUD" name="test_create_product_name_empty" time="0.050" /><testcase classname="backend.tests.test_products_bom.TestProductsCRUD" name="test_create_product_invalid_pricing_mode" time="0.048" /><testcase classname="backend.tests.test_products_bom.TestProductsCRUD" name="test_create_product_invalid_formula" time="0.047" /><testcase classname="backend.tests.test_products_bom.TestProductsCRUD" name="test_create_product_zero_quantity" time="0.050" /><testcase classname="backend.tests.test_products_bom.TestProductsCRUD" name="test_create_product_unknown_material" time="0.052" /><testcase classname="backend.tests.test_products_bom.TestProductsCRUD" name="test_create_product_duplicate_name_case_insensitive" time="0.047" /><testcase classname="backend.tests.test_products_bom.TestProductsCRUD" name="test_update_product" time="0.100" /><testcase classname="backend.tests.test_products_bom.TestSalesBOM" name="test_sale_slayer_fixed_pricing_multi_material_deduct" time="0.257" /><testcase classname="backend.tests.test_products_bom.TestSalesBOM" name="test_cashbook_auto_insert_from_bom_sale" time="0.103" /><testcase classname="backend.tests.test_products_bom.TestSalesBOM" name="test_receipt_html_bom_breakdown" time="0.050" /><testcase classname="backend.tests.test_products_bom.TestSalesBOM" name="test_delete_bom_sale_rollback" time="0.277" /><testcase classname="backend.tests.test_products_bom.TestSalesBOM" name="test_sale_stok_insufficient" time="0.047" /><testcase classname="backend.tests.test_products_bom.TestSalesBOM" name="test_sale_material_langsung_backward_compat" time="0.142" /><testcase classname="backend.tests.test_products_bom.TestSalesBOM" name="test_delete_legacy_sale_restores_stock" time="0.147" /><testcase classname="backend.tests.test_products_bom.TestSalesBOM" name="test_aggregate_stock_check_across_items" time="0.045" /><testcase classname="backend.tests.test_products_bom.TestFormulaVariants" name="test_formula_per_qty_only" time="0.200" /><testcase classname="backend.tests.test_products_bom.TestFormulaVariants" name="test_formula_length_only_and_per_area_pricing" time="0.188" /><testcase classname="backend.tests.test_products_bom.TestFormulaVariants" name="test_formula_fixed_no_qty_multiply" time="0.201" /><testcase classname="backend.tests.test_products_bom.TestDeleteGuardAndCleanup" name="test_delete_product_used_in_sales_refused" time="0.103" /><testcase classname="backend.tests.test_products_bom.TestDeleteGuardAndCleanup" name="test_zzz_cleanup_sales_and_products" time="0.668" /></testsuite></testsuites>