<?xml version="1.0" encoding="utf-8"?><testsuites name="pytest tests"><testsuite name="pytest" errors="0" failures="0" skipped="0" tests="11" time="5.942" timestamp="2026-07-13T05:44:48.302245+00:00" hostname="agent-env-0afbcb3a-7e7d-404d-818e-e21b39a6a2c4"><testcase classname="backend.tests.test_sales_customer_autosave.TestCustomerListRegression" name="test_list_requires_auth" time="0.171" /><testcase classname="backend.tests.test_sales_customer_autosave.TestCustomerListRegression" name="test_list_ok_with_auth" time="0.464" /><testcase classname="backend.tests.test_sales_customer_autosave.TestCustomerCreate" name="test_create_new_customer_then_get" time="0.461" /><testcase classname="backend.tests.test_sales_customer_autosave.TestCustomerCreate" name="test_create_duplicate_rejected" time="0.434" /><testcase classname="backend.tests.test_sales_customer_autosave.TestCustomerCreate" name="test_create_duplicate_case_insensitive" time="0.424" /><testcase classname="backend.tests.test_sales_customer_autosave.TestCustomerCreate" name="test_create_empty_name_rejected" time="0.398" /><testcase classname="backend.tests.test_sales_customer_autosave.TestSaleAutoSaveCustomerFlow" name="test_new_customer_sale_and_master_upsert" time="0.656" /><testcase classname="backend.tests.test_sales_customer_autosave.TestSaleAutoSaveCustomerFlow" name="test_existing_customer_sale_no_double_create" time="0.631" /><testcase classname="backend.tests.test_sales_customer_autosave.TestSaleAutoSaveCustomerFlow" name="test_umum_customer_no_master_row" time="0.680" /><testcase classname="backend.tests.test_sales_customer_autosave.TestSalesRegression" name="test_stats_today" time="0.436" /><testcase classname="backend.tests.test_sales_customer_autosave.TestSalesRegression" name="test_sales_list" time="1.129" /></testsuite></testsuites>