<?xml version="1.0" encoding="utf-8"?><testsuites name="pytest tests"><testsuite name="pytest" errors="0" failures="0" skipped="0" tests="10" time="2.925" timestamp="2026-07-02T08:04:33.388834+00:00" hostname="agent-env-0afbcb3a-7e7d-404d-818e-e21b39a6a2c4"><testcase classname="backend.tests.test_allowance_loan.TestEmployeeSchema" name="test_create_with_new_fields" time="0.551" /><testcase classname="backend.tests.test_allowance_loan.TestEmployeeSchema" name="test_update_new_fields" time="0.129" /><testcase classname="backend.tests.test_allowance_loan.TestEmployeeSchema" name="test_backwards_compat_no_new_fields" time="0.135" /><testcase classname="backend.tests.test_allowance_loan.TestPayrollCalculation" name="test_gross_and_bpjs_base_excludes_transport" time="0.090" /><testcase classname="backend.tests.test_allowance_loan.TestPayrollCalculation" name="test_loan_deduction_active" time="0.204" /><testcase classname="backend.tests.test_allowance_loan.TestPayrollCalculation" name="test_loan_auto_stop" time="0.124" /><testcase classname="backend.tests.test_allowance_loan.TestLoanLifecycle" name="test_loan_auto_increment_on_run" time="0.272" /><testcase classname="backend.tests.test_allowance_loan.TestLoanLifecycle" name="test_loan_rollback_on_delete" time="0.446" /><testcase classname="backend.tests.test_allowance_loan.TestLoanLifecycle" name="test_loan_rollback_on_rerun" time="0.454" /><testcase classname="backend.tests.test_allowance_loan.TestPayslipPDF" name="test_pdf_valid_bytes" time="0.481" /></testsuite></testsuites>