<?xml version="1.0" encoding="utf-8"?><testsuites name="pytest tests"><testsuite name="pytest" errors="0" failures="0" skipped="0" tests="19" time="6.278" timestamp="2026-06-23T04:25:20.451193+00:00" hostname="agent-env-0afbcb3a-7e7d-404d-818e-e21b39a6a2c4"><testcase classname="backend.tests.test_whatsapp_fonnte.TestWhatsAppStatus" name="test_status_unauth" time="0.147" /><testcase classname="backend.tests.test_whatsapp_fonnte.TestWhatsAppStatus" name="test_status_admin" time="0.378" /><testcase classname="backend.tests.test_whatsapp_fonnte.TestWhatsAppStatus" name="test_status_portal_blocked" time="0.147" /><testcase classname="backend.tests.test_whatsapp_fonnte.TestEmployeePhone" name="test_create_and_update_phone" time="0.508" /><testcase classname="backend.tests.test_whatsapp_fonnte.TestEmployeePhone" name="test_template_has_phone_column" time="0.422" /><testcase classname="backend.tests.test_whatsapp_fonnte.TestEmployeePhone" name="test_csv_import_with_phone" time="0.475" /><testcase classname="backend.tests.test_whatsapp_fonnte.TestWhatsAppSingle" name="test_unauth_send" time="0.093" /><testcase classname="backend.tests.test_whatsapp_fonnte.TestWhatsAppSingle" name="test_portal_blocked" time="0.145" /><testcase classname="backend.tests.test_whatsapp_fonnte.TestWhatsAppSingle" name="test_send_mock_with_phone" time="0.493" /><testcase classname="backend.tests.test_whatsapp_fonnte.TestWhatsAppSingle" name="test_send_no_phone_returns_400" time="0.484" /><testcase classname="backend.tests.test_whatsapp_fonnte.TestWhatsAppBulk" name="test_unauth" time="0.088" /><testcase classname="backend.tests.test_whatsapp_fonnte.TestWhatsAppBulk" name="test_portal_blocked" time="0.145" /><testcase classname="backend.tests.test_whatsapp_fonnte.TestWhatsAppBulk" name="test_bulk_mock" time="0.720" /><testcase classname="backend.tests.test_whatsapp_fonnte.TestWhatsAppBulk" name="test_bulk_unknown_period_404" time="0.361" /><testcase classname="backend.tests.test_whatsapp_fonnte.TestRegressionSmoke" name="test_login_works" time="0.360" /><testcase classname="backend.tests.test_whatsapp_fonnte.TestRegressionSmoke" name="test_employees_list" time="0.365" /><testcase classname="backend.tests.test_whatsapp_fonnte.TestRegressionSmoke" name="test_payroll_run_2026_01" time="0.394" /><testcase classname="backend.tests.test_whatsapp_fonnte.TestRegressionSmoke" name="test_portal_login_works" time="0.136" /><testcase classname="backend.tests.test_whatsapp_fonnte.TestRegressionSmoke" name="test_email_endpoint_still_exists" time="0.370" /></testsuite></testsuites>