<?xml version="1.0" encoding="utf-8"?><testsuites name="pytest tests"><testsuite name="pytest" errors="0" failures="0" skipped="0" tests="6" time="1.635" timestamp="2026-07-17T09:05:25.241754+00:00" hostname="agent-env-0afbcb3a-7e7d-404d-818e-e21b39a6a2c4"><testcase classname="backend.tests.test_kasbon_settlement.TestKasbonSettlement" name="test_full_flow_settle_reopen_delete" time="1.127" /><testcase classname="backend.tests.test_kasbon_settlement.TestKasbonSettlement" name="test_settle_missing_kasbon" time="0.052" /><testcase classname="backend.tests.test_kasbon_settlement.TestKasbonSettlement" name="test_reopen_missing_kasbon" time="0.048" /><testcase classname="backend.tests.test_kasbon_settlement.TestKasbonSettlement" name="test_delete_missing_kasbon" time="0.045" /><testcase classname="backend.tests.test_kasbon_settlement.TestKasbonSettlement" name="test_reopen_when_already_open_is_noop" time="0.190" /><testcase classname="backend.tests.test_kasbon_settlement.TestKasbonSettlement" name="test_kasbon_list_totals" time="0.138" /></testsuite></testsuites>