<?xml version="1.0" encoding="utf-8"?><testsuites name="pytest tests"><testsuite name="pytest" errors="0" failures="0" skipped="0" tests="14" time="14.728" timestamp="2026-07-13T05:59:56.822690+00:00" hostname="agent-env-0afbcb3a-7e7d-404d-818e-e21b39a6a2c4"><testcase classname="backend.tests.test_customer_broadcast_wa.TestBroadcastValidation" name="test_empty_message_returns_400" time="0.632" /><testcase classname="backend.tests.test_customer_broadcast_wa.TestBroadcastValidation" name="test_whitespace_only_message_returns_400" time="0.042" /><testcase classname="backend.tests.test_customer_broadcast_wa.TestBroadcastValidation" name="test_too_long_message_returns_400" time="0.052" /><testcase classname="backend.tests.test_customer_broadcast_wa.TestBroadcastValidation" name="test_unauth_returns_401_or_403" time="0.094" /><testcase classname="backend.tests.test_customer_broadcast_wa.TestBroadcastPreview" name="test_preview_only_returns_structure" time="0.042" /><testcase classname="backend.tests.test_customer_broadcast_wa.TestBroadcastPreview" name="test_preview_all_active_when_no_ids" time="0.045" /><testcase classname="backend.tests.test_customer_broadcast_wa.TestBroadcastSend" name="test_send_returns_mocked_status_and_full_structure" time="2.672" /><testcase classname="backend.tests.test_customer_broadcast_wa.TestBroadcastSend" name="test_send_skips_customer_without_phone" time="2.577" /><testcase classname="backend.tests.test_customer_broadcast_wa.TestBroadcastSend" name="test_name_variable_replacement" time="2.584" /><testcase classname="backend.tests.test_customer_broadcast_wa.TestBroadcastSend" name="test_empty_ids_targets_all_active_with_phone" time="3.888" /><testcase classname="backend.tests.test_customer_broadcast_wa.TestBroadcastSend" name="test_send_creates_whatsapp_log_via_admin_endpoint" time="1.401" /><testcase classname="backend.tests.test_customer_broadcast_wa.TestCustomerCRUDRegression" name="test_list_customers" time="0.047" /><testcase classname="backend.tests.test_customer_broadcast_wa.TestCustomerCRUDRegression" name="test_create_update_delete" time="0.178" /><testcase classname="backend.tests.test_customer_broadcast_wa.TestSalesRegression" name="test_sales_post_still_works" time="0.421" /></testsuite></testsuites>