<?xml version="1.0" encoding="utf-8"?><testsuites name="pytest tests"><testsuite name="pytest" errors="0" failures="0" skipped="0" tests="20" time="2.169" timestamp="2026-07-16T03:38:30.733391+00:00" hostname="agent-env-0afbcb3a-7e7d-404d-818e-e21b39a6a2c4"><testcase classname="backend.tests.test_sales_analytics.TestSchema" name="test_requires_auth" time="0.216" /><testcase classname="backend.tests.test_sales_analytics.TestSchema" name="test_no_filter_returns_shape" time="0.630" /><testcase classname="backend.tests.test_sales_analytics.TestSchema" name="test_row_flatten_per_item" time="0.042" /><testcase classname="backend.tests.test_sales_analytics.TestDateFilter" name="test_date_range_empty_period" time="0.041" /><testcase classname="backend.tests.test_sales_analytics.TestDateFilter" name="test_date_range_inclusive_today" time="0.052" /><testcase classname="backend.tests.test_sales_analytics.TestDateFilter" name="test_date_to_before_today_excludes_today" time="0.082" /><testcase classname="backend.tests.test_sales_analytics.TestDateFilter" name="test_date_from_future_returns_empty" time="0.040" /><testcase classname="backend.tests.test_sales_analytics.TestCustomerFilter" name="test_customer_substring_match" time="0.039" /><testcase classname="backend.tests.test_sales_analytics.TestCustomerFilter" name="test_customer_case_insensitive" time="0.048" /><testcase classname="backend.tests.test_sales_analytics.TestCustomerFilter" name="test_customer_no_match" time="0.081" /><testcase classname="backend.tests.test_sales_analytics.TestSummary" name="test_summary_period_total" time="0.081" /><testcase classname="backend.tests.test_sales_analytics.TestSummary" name="test_weekly_total_matches_daily_series_since_week_start" time="0.083" /><testcase classname="backend.tests.test_sales_analytics.TestSummary" name="test_week_start_is_monday" time="0.051" /><testcase classname="backend.tests.test_sales_analytics.TestSummary" name="test_top_product_matches_top_products_first" time="0.041" /><testcase classname="backend.tests.test_sales_analytics.TestTopProducts" name="test_top_products_sorted_desc_by_total" time="0.040" /><testcase classname="backend.tests.test_sales_analytics.TestTopProducts" name="test_top_products_aggregate_same_product_across_sales" time="0.083" /><testcase classname="backend.tests.test_sales_analytics.TestTopProducts" name="test_top_products_include_both_products" time="0.051" /><testcase classname="backend.tests.test_sales_analytics.TestDailySeries" name="test_daily_series_sorted_asc" time="0.043" /><testcase classname="backend.tests.test_sales_analytics.TestDailySeries" name="test_daily_series_sums_same_date" time="0.080" /><testcase classname="backend.tests.test_sales_analytics.TestDailySeries" name="test_daily_series_date_format" time="0.295" /></testsuite></testsuites>