<?xml version="1.0" encoding="utf-8"?><testsuites name="pytest tests"><testsuite name="pytest" errors="0" failures="0" skipped="0" tests="14" time="3.336" timestamp="2026-07-15T06:20:11.738230+00:00" hostname="agent-env-0afbcb3a-7e7d-404d-818e-e21b39a6a2c4"><testcase classname="backend.tests.test_sales_reports.TestInvoicePDF" name="test_invoice_pdf_success" time="1.276" /><testcase classname="backend.tests.test_sales_reports.TestInvoicePDF" name="test_invoice_pdf_404_on_missing_sale" time="0.054" /><testcase classname="backend.tests.test_sales_reports.TestInvoicePDF" name="test_invoice_pdf_requires_auth" time="0.137" /><testcase classname="backend.tests.test_sales_reports.TestReportPDF" name="test_report_pdf_by_month" time="0.068" /><testcase classname="backend.tests.test_sales_reports.TestReportPDF" name="test_report_pdf_empty_month_still_200" time="0.066" /><testcase classname="backend.tests.test_sales_reports.TestReportPDF" name="test_report_pdf_by_date_range" time="0.068" /><testcase classname="backend.tests.test_sales_reports.TestReportPDF" name="test_report_pdf_invalid_month" time="0.056" /><testcase classname="backend.tests.test_sales_reports.TestReportExcel" name="test_excel_success_and_structure" time="1.057" /><testcase classname="backend.tests.test_sales_reports.TestReportExcel" name="test_excel_empty_month_still_200" time="0.066" /><testcase classname="backend.tests.test_sales_reports.TestReportExcel" name="test_excel_by_date_range" time="0.070" /><testcase classname="backend.tests.test_sales_reports.TestReportExcel" name="test_excel_total_footer_present" time="0.176" /><testcase classname="backend.tests.test_sales_reports.TestReportExcel" name="test_excel_invalid_month" time="0.056" /><testcase classname="backend.tests.test_sales_reports.TestSalesRegression" name="test_sales_list_still_ok" time="0.058" /><testcase classname="backend.tests.test_sales_reports.TestSalesRegression" name="test_sales_stats_today_still_ok" time="0.069" /></testsuite></testsuites>