<?xml version="1.0" encoding="utf-8"?><testsuites name="pytest tests"><testsuite name="pytest" errors="0" failures="0" skipped="0" tests="11" time="1.914" timestamp="2026-06-18T09:06:13.622233+00:00" hostname="agent-env-0afbcb3a-7e7d-404d-818e-e21b39a6a2c4"><testcase classname="test_backup_restore.TestExport" name="test_export_requires_auth" time="0.318" /><testcase classname="test_backup_restore.TestExport" name="test_export_rejects_portal_token" time="0.152" /><testcase classname="test_backup_restore.TestExport" name="test_export_returns_all_collections" time="0.482" /><testcase classname="test_backup_restore.TestImportAuth" name="test_import_requires_auth" time="0.130" /><testcase classname="test_backup_restore.TestImportAuth" name="test_import_rejects_portal_token" time="0.044" /><testcase classname="test_backup_restore.TestImportValidation" name="test_import_invalid_json" time="0.046" /><testcase classname="test_backup_restore.TestImportValidation" name="test_import_missing_meta" time="0.048" /><testcase classname="test_backup_restore.TestImportValidation" name="test_import_invalid_mode_captures_error" time="0.060" /><testcase classname="test_backup_restore.TestImportMerge" name="test_merge_roundtrip_counts" time="0.075" /><testcase classname="test_backup_restore.TestConfigReloadOnImport" name="test_config_reapplied_after_import" time="0.279" /><testcase classname="test_backup_restore.TestImportReplace" name="test_replace_with_same_snapshot" time="0.244" /></testsuite></testsuites>