<?xml version="1.0" encoding="utf-8"?><testsuites name="pytest tests"><testsuite name="pytest" errors="0" failures="0" skipped="0" tests="17" time="6.234" timestamp="2026-07-17T02:37:31.051570+00:00" hostname="agent-env-0afbcb3a-7e7d-404d-818e-e21b39a6a2c4"><testcase classname="backend.tests.test_sales_payment_methods.TestSeedAccounts" name="test_all_5_payment_accounts_exist" time="2.532" /><testcase classname="backend.tests.test_sales_payment_methods.TestSalesCreatePaymentMethod" name="test_cash_creates_301" time="0.157" /><testcase classname="backend.tests.test_sales_payment_methods.TestSalesCreatePaymentMethod" name="test_transfer_bca_creates_301_bca" time="0.102" /><testcase classname="backend.tests.test_sales_payment_methods.TestSalesCreatePaymentMethod" name="test_transfer_mandiri_creates_301_mdr" time="0.107" /><testcase classname="backend.tests.test_sales_payment_methods.TestSalesCreatePaymentMethod" name="test_shopee_plaza_creates_301_spp" time="0.112" /><testcase classname="backend.tests.test_sales_payment_methods.TestSalesCreatePaymentMethod" name="test_shopee_kastem_creates_301_spk" time="0.106" /><testcase classname="backend.tests.test_sales_payment_methods.TestSalesCreatePaymentMethod" name="test_legacy_tunai_still_treated_as_cash" time="0.112" /><testcase classname="backend.tests.test_sales_payment_methods.TestSalesUpdatePaymentMethod" name="test_change_cash_to_transfer_bca" time="0.163" /><testcase classname="backend.tests.test_sales_payment_methods.TestSalesUpdatePaymentMethod" name="test_change_transfer_bca_to_shopee_plaza" time="0.177" /><testcase classname="backend.tests.test_sales_payment_methods.TestSalesDeleteRollback" name="test_delete_removes_cash_tx[cash-None-301]" time="0.283" /><testcase classname="backend.tests.test_sales_payment_methods.TestSalesDeleteRollback" name="test_delete_removes_cash_tx[transfer-BCA-301-BCA]" time="0.284" /><testcase classname="backend.tests.test_sales_payment_methods.TestSalesDeleteRollback" name="test_delete_removes_cash_tx[transfer-Mandiri-301-MDR]" time="0.302" /><testcase classname="backend.tests.test_sales_payment_methods.TestSalesDeleteRollback" name="test_delete_removes_cash_tx[shopee_plaza-None-301-SPP]" time="0.291" /><testcase classname="backend.tests.test_sales_payment_methods.TestSalesDeleteRollback" name="test_delete_removes_cash_tx[shopee_kastem-None-301-SPK]" time="0.297" /><testcase classname="backend.tests.test_sales_payment_methods.TestOrphanCheck" name="test_orphan_check_returns_source_type_sale_for_301_bca" time="0.157" /><testcase classname="backend.tests.test_sales_payment_methods.TestSalesAnalyticsPayment" name="test_rows_have_payment_fields_and_method_breakdown" time="0.247" /><testcase classname="backend.tests.test_sales_payment_methods.TestRegressionPOOrphan" name="test_orphan_check_endpoint_still_supports_po" time="0.782" /></testsuite></testsuites>