<?xml version="1.0" encoding="utf-8"?><testsuites name="pytest tests"><testsuite name="pytest" errors="0" failures="0" skipped="0" tests="14" time="2.456" timestamp="2026-07-11T07:01:37.959971+00:00" hostname="agent-env-0afbcb3a-7e7d-404d-818e-e21b39a6a2c4"><testcase classname="backend.tests.test_sales.TestMaterialSellingPrice" name="test_material_accepts_selling_price" time="0.631" /><testcase classname="backend.tests.test_sales.TestMaterialSellingPrice" name="test_material_without_selling_price_defaults_zero" time="0.124" /><testcase classname="backend.tests.test_sales.TestSalesStats" name="test_stats_endpoint_shape" time="0.044" /><testcase classname="backend.tests.test_sales.TestSalesCreate" name="test_create_sale_success" time="0.166" /><testcase classname="backend.tests.test_sales.TestSalesCreate" name="test_create_sale_reject_cash_less_than_total" time="0.080" /><testcase classname="backend.tests.test_sales.TestSalesCreate" name="test_create_sale_reject_insufficient_stock" time="0.040" /><testcase classname="backend.tests.test_sales.TestSalesCreate" name="test_create_sale_reject_empty_items" time="0.039" /><testcase classname="backend.tests.test_sales.TestSalesCreate" name="test_create_sale_reject_zero_dimension" time="0.039" /><testcase classname="backend.tests.test_sales.TestSalesListAndGet" name="test_list_returns_desc" time="0.163" /><testcase classname="backend.tests.test_sales.TestSalesListAndGet" name="test_get_single_sale" time="0.201" /><testcase classname="backend.tests.test_sales.TestSalesListAndGet" name="test_list_filter_date_range" time="0.038" /><testcase classname="backend.tests.test_sales.TestSalesReceipt" name="test_receipt_html_content" time="0.081" /><testcase classname="backend.tests.test_sales.TestSalesDelete" name="test_delete_rollbacks_stock" time="0.327" /><testcase classname="backend.tests.test_sales.TestSalesDelete" name="test_delete_404" time="0.432" /></testsuite></testsuites>