<?xml version="1.0" encoding="utf-8"?><testsuites name="pytest tests"><testsuite name="pytest" errors="0" failures="0" skipped="0" tests="11" time="2.258" timestamp="2026-07-21T04:26:11.808462+00:00" hostname="agent-env-0afbcb3a-7e7d-404d-818e-e21b39a6a2c4"><testcase classname="backend.tests.test_sales_dp.TestSaleDP" name="test_create_sale_dp_partial_payment" time="0.479" /><testcase classname="backend.tests.test_sales_dp.TestSaleDP" name="test_create_sale_lunas_overpayment" time="0.054" /><testcase classname="backend.tests.test_sales_dp.TestSaleDP" name="test_create_sale_negative_cash_rejected" time="0.086" /><testcase classname="backend.tests.test_sales_dp.TestSaleDPPersistence" name="test_get_sale_returns_dp_fields" time="0.098" /><testcase classname="backend.tests.test_sales_dp.TestSaleDPCashJournal" name="test_dp_records_cash_paid_not_total" time="0.097" /><testcase classname="backend.tests.test_sales_dp.TestSaleDPCashJournal" name="test_lunas_overpayment_clamps_cash_to_total" time="0.098" /><testcase classname="backend.tests.test_sales_dp.TestSalesReportAnalyticsDP" name="test_analytics_includes_dp_fields" time="0.101" /><testcase classname="backend.tests.test_sales_dp.TestSalesReportAnalyticsDP" name="test_analytics_lunas_overpayment_cash_clamped" time="0.179" /><testcase classname="backend.tests.test_sales_dp.TestSaleDPReceipts" name="test_thermal_html_has_sisa_and_dp_badge" time="0.094" /><testcase classname="backend.tests.test_sales_dp.TestSaleDPReceipts" name="test_pdf_a4_has_sisa_and_dp" time="0.169" /><testcase classname="backend.tests.test_sales_dp.TestSaleDPReceipts" name="test_thermal_lunas_no_sisa_row" time="0.754" /></testsuite></testsuites>