<?xml version="1.0" encoding="utf-8"?><testsuites name="pytest tests"><testsuite name="pytest" errors="0" failures="0" skipped="0" tests="17" time="3.012" timestamp="2026-06-17T02:46:26.642774+00:00" hostname="agent-env-0afbcb3a-7e7d-404d-818e-e21b39a6a2c4"><testcase classname="test_new_features.TestConfigEditable" name="test_get_constants_full" time="0.476" /><testcase classname="test_new_features.TestConfigEditable" name="test_put_constants_partial_persist" time="0.282" /><testcase classname="test_new_features.TestTHR" name="test_thr_preview_structure" time="0.384" /><testcase classname="test_new_features.TestTHR" name="test_thr_run_and_list" time="0.179" /><testcase classname="test_new_features.TestTHR" name="test_thr_slips_not_found" time="0.046" /><testcase classname="test_new_features.TestTHR" name="test_thr_invalid_period" time="0.046" /><testcase classname="test_new_features.TestBankExport" name="test_generic_csv_headers" time="0.419" /><testcase classname="test_new_features.TestBankExport" name="test_bca_format" time="0.043" /><testcase classname="test_new_features.TestBankExport" name="test_mandiri_format" time="0.045" /><testcase classname="test_new_features.TestBankExport" name="test_bni_format" time="0.043" /><testcase classname="test_new_features.TestBankExport" name="test_bri_format" time="0.044" /><testcase classname="test_new_features.TestBankExport" name="test_invalid_format" time="0.044" /><testcase classname="test_new_features.TestBankExport" name="test_unknown_period" time="0.042" /><testcase classname="test_new_features.TestEmail" name="test_email_all_mock_mode" time="0.484" /><testcase classname="test_new_features.TestEmail" name="test_email_single_with_email" time="0.193" /><testcase classname="test_new_features.TestEmail" name="test_email_single_no_email_returns_400" time="0.142" /><testcase classname="test_new_features.TestEmail" name="test_email_unknown_slip" time="0.045" /></testsuite></testsuites>