<?xml version="1.0" encoding="utf-8"?><testsuites name="pytest tests"><testsuite name="pytest" errors="0" failures="0" skipped="0" tests="6" time="2.182" timestamp="2026-07-16T02:27:45.617665+00:00" hostname="agent-env-0afbcb3a-7e7d-404d-818e-e21b39a6a2c4"><testcase classname="backend.tests.test_sales_edit.TestSalesEditBasic" name="test_edit_preserves_ids_and_updates_fields" time="0.623" /><testcase classname="backend.tests.test_sales_edit.TestSalesEditRollbackStock" name="test_rollback_and_reapply_stock_correctly" time="0.306" /><testcase classname="backend.tests.test_sales_edit.TestSalesEditCashTxSync" name="test_no_duplicate_cash_tx_after_edit" time="0.213" /><testcase classname="backend.tests.test_sales_edit.TestSalesEditErrorRestore" name="test_insufficient_stock_error_restores_state" time="0.401" /><testcase classname="backend.tests.test_sales_edit.TestSalesEdit404" name="test_edit_nonexistent_returns_404" time="0.047" /><testcase classname="backend.tests.test_sales_edit.TestSalesEditChangeSizeTier" name="test_change_size_from_M_to_XXL" time="0.548" /></testsuite></testsuites>