<?xml version="1.0" encoding="utf-8"?><testsuites name="pytest tests"><testsuite name="pytest" errors="0" failures="0" skipped="0" tests="20" time="3.568" timestamp="2026-07-11T04:11:06.741499+00:00" hostname="agent-env-0afbcb3a-7e7d-404d-818e-e21b39a6a2c4"><testcase classname="backend.tests.test_inventory_extras.TestJobOrders" name="test_auth_guard" time="0.214" /><testcase classname="backend.tests.test_inventory_extras.TestJobOrders" name="test_list_orders_empty_ok" time="0.367" /><testcase classname="backend.tests.test_inventory_extras.TestJobOrders" name="test_create_order_decrements_stock_and_computes_totals" time="0.215" /><testcase classname="backend.tests.test_inventory_extras.TestJobOrders" name="test_create_order_rejects_zero_quantity_item" time="0.045" /><testcase classname="backend.tests.test_inventory_extras.TestJobOrders" name="test_create_order_rejects_insufficient_stock" time="0.042" /><testcase classname="backend.tests.test_inventory_extras.TestJobOrders" name="test_create_order_missing_customer" time="0.045" /><testcase classname="backend.tests.test_inventory_extras.TestJobOrders" name="test_complete_order_sets_status_selesai" time="0.174" /><testcase classname="backend.tests.test_inventory_extras.TestJobOrders" name="test_cancel_order_after_complete_restores_stock" time="0.479" /><testcase classname="backend.tests.test_inventory_extras.TestJobOrders" name="test_delete_active_order_rolls_back_stock" time="0.270" /><testcase classname="backend.tests.test_inventory_extras.TestJobOrders" name="test_delete_completed_order_also_rolls_back" time="0.134" /><testcase classname="backend.tests.test_inventory_extras.TestStockAdjust" name="test_auth_guard" time="0.091" /><testcase classname="backend.tests.test_inventory_extras.TestStockAdjust" name="test_list_stock_adjust" time="0.043" /><testcase classname="backend.tests.test_inventory_extras.TestStockAdjust" name="test_create_adjust_positive_delta" time="0.275" /><testcase classname="backend.tests.test_inventory_extras.TestStockAdjust" name="test_create_adjust_negative_delta" time="0.232" /><testcase classname="backend.tests.test_inventory_extras.TestStockAdjust" name="test_adjust_unknown_material" time="0.042" /><testcase classname="backend.tests.test_inventory_extras.TestWasteReport" name="test_auth_guard_excel" time="0.096" /><testcase classname="backend.tests.test_inventory_extras.TestWasteReport" name="test_excel_report_returns_xlsx" time="0.457" /><testcase classname="backend.tests.test_inventory_extras.TestWasteReport" name="test_pdf_report_returns_pdf" time="0.109" /><testcase classname="backend.tests.test_inventory_extras.TestWasteReport" name="test_report_invalid_period_format" time="0.073" /><testcase classname="backend.tests.test_inventory_extras.TestDashboardInventoryWidget" name="test_dashboard_stats_returns_inventory" time="0.100" /></testsuite></testsuites>