<?xml version="1.0" encoding="utf-8"?><testsuites name="pytest tests"><testsuite name="pytest" errors="0" failures="0" skipped="0" tests="48" time="7.173" timestamp="2026-07-15T04:44:48.124071+00:00" hostname="agent-env-0afbcb3a-7e7d-404d-818e-e21b39a6a2c4"><testcase classname="backend.tests.test_kas_kasbon.TestNewAccountCodes" name="test_all_new_codes_present" time="0.482" /><testcase classname="backend.tests.test_kas_kasbon.TestNewAccountCodes" name="test_new_codes_have_expected_names_and_types" time="0.072" /><testcase classname="backend.tests.test_kas_kasbon.TestNewAccountCodes" name="test_existing_codes_still_present" time="0.072" /><testcase classname="backend.tests.test_kas_kasbon.TestNewAccountCodes" name="test_seed_idempotent" time="0.160" /><testcase classname="backend.tests.test_kas_kasbon.TestKasbonCRUD" name="test_create_kasbon_success" time="0.070" /><testcase classname="backend.tests.test_kas_kasbon.TestKasbonCRUD" name="test_create_empty_name_rejected" time="0.065" /><testcase classname="backend.tests.test_kas_kasbon.TestKasbonCRUD" name="test_create_zero_amount_rejected" time="0.057" /><testcase classname="backend.tests.test_kas_kasbon.TestKasbonCRUD" name="test_create_negative_amount_rejected" time="0.062" /><testcase classname="backend.tests.test_kas_kasbon.TestKasbonCRUD" name="test_list_with_month_filter_and_totals" time="0.184" /><testcase classname="backend.tests.test_kas_kasbon.TestKasbonCRUD" name="test_list_with_status_filter" time="0.057" /><testcase classname="backend.tests.test_kas_kasbon.TestKasbonCRUD" name="test_update_kasbon" time="0.060" /><testcase classname="backend.tests.test_kas_kasbon.TestKasbonCRUD" name="test_update_empty_name_rejected" time="0.060" /><testcase classname="backend.tests.test_kas_kasbon.TestKasbonCRUD" name="test_update_not_found_404" time="0.056" /><testcase classname="backend.tests.test_kas_kasbon.TestKasbonCRUD" name="test_settle_kasbon" time="0.064" /><testcase classname="backend.tests.test_kas_kasbon.TestKasbonCRUD" name="test_settle_already_settled_rejected" time="0.058" /><testcase classname="backend.tests.test_kas_kasbon.TestKasbonCRUD" name="test_settle_not_found_404" time="0.058" /><testcase classname="backend.tests.test_kas_kasbon.TestKasbonCRUD" name="test_reopen_kasbon" time="0.064" /><testcase classname="backend.tests.test_kas_kasbon.TestKasbonCRUD" name="test_reopen_not_found_404" time="0.058" /><testcase classname="backend.tests.test_kas_kasbon.TestKasbonCRUD" name="test_totals_computation" time="0.192" /><testcase classname="backend.tests.test_kas_kasbon.TestKasbonCRUD" name="test_delete_kasbon" time="0.185" /><testcase classname="backend.tests.test_kas_kasbon.TestKasbonCRUD" name="test_delete_not_found_404" time="0.058" /><testcase classname="backend.tests.test_kas_kasbon.TestKasbonCRUD" name="test_invalid_month_format_400" time="0.177" /><testcase classname="backend.tests.test_cashbook.TestCashAccounts" name="test_default_accounts_seeded" time="0.458" /><testcase classname="backend.tests.test_cashbook.TestCashAccounts" name="test_create_custom_account" time="0.083" /><testcase classname="backend.tests.test_cashbook.TestCashAccounts" name="test_create_duplicate_code_400" time="0.056" /><testcase classname="backend.tests.test_cashbook.TestCashAccounts" name="test_create_invalid_type_400" time="0.060" /><testcase classname="backend.tests.test_cashbook.TestCashAccounts" name="test_system_account_code_immutable" time="0.189" /><testcase classname="backend.tests.test_cashbook.TestCashAccounts" name="test_delete_system_account_400" time="0.126" /><testcase classname="backend.tests.test_cashbook.TestCashSettings" name="test_get_settings_auto_init" time="0.056" /><testcase classname="backend.tests.test_cashbook.TestCashSettings" name="test_update_settings" time="0.115" /><testcase classname="backend.tests.test_cashbook.TestCashTransactions" name="test_create_transaction_success" time="0.080" /><testcase classname="backend.tests.test_cashbook.TestCashTransactions" name="test_create_zero_amount_rejected" time="0.070" /><testcase classname="backend.tests.test_cashbook.TestCashTransactions" name="test_create_empty_description_rejected" time="0.058" /><testcase classname="backend.tests.test_cashbook.TestCashTransactions" name="test_create_invalid_account_404" time="0.078" /><testcase classname="backend.tests.test_cashbook.TestCashTransactions" name="test_list_transactions_with_running_balance" time="0.131" /><testcase classname="backend.tests.test_cashbook.TestCashTransactions" name="test_update_manual_transaction" time="0.133" /><testcase classname="backend.tests.test_cashbook.TestCashTransactions" name="test_delete_manual_transaction" time="0.130" /><testcase classname="backend.tests.test_cashbook.TestCashTransactions" name="test_balance_endpoint" time="0.057" /><testcase classname="backend.tests.test_cashbook.TestCashTransactions" name="test_summary_endpoint" time="0.060" /><testcase classname="backend.tests.test_cashbook.TestCashTransactions" name="test_export_excel" time="1.131" /><testcase classname="backend.tests.test_cashbook.TestSalesToCashIntegration" name="test_sale_auto_creates_cash_tx" time="0.263" /><testcase classname="backend.tests.test_cashbook.TestSalesToCashIntegration" name="test_edit_auto_tx_rejected" time="0.175" /><testcase classname="backend.tests.test_cashbook.TestSalesToCashIntegration" name="test_delete_sale_cascades_auto_cash_tx" time="0.121" /><testcase classname="backend.tests.test_cashbook.TestPOPayToCashIntegration" name="test_po_pay_auto_creates_cash_tx" time="0.258" /><testcase classname="backend.tests.test_cashbook.TestPOPayToCashIntegration" name="test_po_pay_negative_rejected_no_cash_tx" time="0.198" /><testcase classname="backend.tests.test_cashbook.TestRegressionSalesAndPO" name="test_sales_list_ok" time="0.057" /><testcase classname="backend.tests.test_cashbook.TestRegressionSalesAndPO" name="test_sales_stats_ok" time="0.108" /><testcase classname="backend.tests.test_cashbook.TestRegressionSalesAndPO" name="test_po_list_still_returns_full_doc" time="0.460" /></testsuite></testsuites>