<?xml version="1.0" encoding="utf-8"?><testsuites name="pytest tests"><testsuite name="pytest" errors="0" failures="0" skipped="0" tests="11" time="2.100" timestamp="2026-06-17T04:14:19.766265+00:00" hostname="agent-env-0afbcb3a-7e7d-404d-818e-e21b39a6a2c4"><testcase classname="backend.tests.test_magic_link.TestPortalForgot" name="test_forgot_existing_email_returns_mocked_link" time="0.194" /><testcase classname="backend.tests.test_magic_link.TestPortalForgot" name="test_forgot_unknown_email_no_enumeration" time="0.134" /><testcase classname="backend.tests.test_magic_link.TestPortalForgot" name="test_forgot_case_insensitive_email" time="0.117" /><testcase classname="backend.tests.test_magic_link.TestPortalForgot" name="test_forgot_invalid_email_format_returns_422" time="0.137" /><testcase classname="backend.tests.test_magic_link.TestMagicLogin" name="test_magic_login_success_sets_cookie_and_returns_employee" time="0.249" /><testcase classname="backend.tests.test_magic_link.TestMagicLogin" name="test_magic_login_token_is_single_use" time="0.322" /><testcase classname="backend.tests.test_magic_link.TestMagicLogin" name="test_magic_login_invalid_token_returns_400" time="0.095" /><testcase classname="backend.tests.test_magic_link.TestRegression" name="test_portal_login_still_works" time="0.136" /><testcase classname="backend.tests.test_magic_link.TestRegression" name="test_employees_requires_admin_token" time="0.092" /><testcase classname="backend.tests.test_magic_link.TestRegression" name="test_employees_works_for_admin" time="0.361" /><testcase classname="backend.tests.test_magic_link.TestRegression" name="test_portal_token_from_magic_link_cannot_access_admin" time="0.225" /></testsuite></testsuites>