<?xml version="1.0" encoding="utf-8"?><testsuites name="pytest tests"><testsuite name="pytest" errors="0" failures="0" skipped="0" tests="15" time="1.998" timestamp="2026-07-11T04:29:11.822226+00:00" hostname="agent-env-0afbcb3a-7e7d-404d-818e-e21b39a6a2c4"><testcase classname="backend.tests.test_customer_pl.TestCustomerMaster" name="test_auth_guard" time="0.205" /><testcase classname="backend.tests.test_customer_pl.TestCustomerMaster" name="test_list_customers_ok" time="0.366" /><testcase classname="backend.tests.test_customer_pl.TestCustomerMaster" name="test_create_customer" time="0.089" /><testcase classname="backend.tests.test_customer_pl.TestCustomerMaster" name="test_create_customer_empty_name_rejected" time="0.042" /><testcase classname="backend.tests.test_customer_pl.TestCustomerMaster" name="test_create_customer_duplicate_rejected" time="0.086" /><testcase classname="backend.tests.test_customer_pl.TestCustomerMaster" name="test_update_customer" time="0.085" /><testcase classname="backend.tests.test_customer_pl.TestCustomerMaster" name="test_customer_aggregate_from_orders" time="0.269" /><testcase classname="backend.tests.test_customer_pl.TestCustomerMaster" name="test_delete_customer" time="0.132" /><testcase classname="backend.tests.test_customer_pl.TestCustomerMaster" name="test_delete_unknown_customer_404" time="0.045" /><testcase classname="backend.tests.test_customer_pl.TestProfitLoss" name="test_auth_guard" time="0.101" /><testcase classname="backend.tests.test_customer_pl.TestProfitLoss" name="test_pl_report_current_month" time="0.046" /><testcase classname="backend.tests.test_customer_pl.TestProfitLoss" name="test_pl_report_invalid_period" time="0.042" /><testcase classname="backend.tests.test_customer_pl.TestProfitLoss" name="test_pl_report_no_data_zero_month" time="0.047" /><testcase classname="backend.tests.test_customer_pl.TestProfitLoss" name="test_pl_pdf_returns_pdf" time="0.115" /><testcase classname="backend.tests.test_customer_pl" name="test_zzz_cleanup" time="0.279" /></testsuite></testsuites>