<?xml version="1.0" encoding="utf-8"?><testsuites name="pytest tests"><testsuite name="pytest" errors="0" failures="0" skipped="0" tests="13" time="2.331" timestamp="2026-07-15T09:12:46.575481+00:00" hostname="agent-env-0afbcb3a-7e7d-404d-818e-e21b39a6a2c4"><testcase classname="backend.tests.test_sizing.TestProductCreateSizing" name="test_create_product_with_full_sizing" time="0.601" /><testcase classname="backend.tests.test_sizing.TestProductCreateSizing" name="test_reject_has_sizes_empty_sizes" time="0.042" /><testcase classname="backend.tests.test_sizing.TestProductCreateSizing" name="test_reject_price_a_zero" time="0.045" /><testcase classname="backend.tests.test_sizing.TestProductCreateSizing" name="test_reject_price_b_zero_when_tier_b_present" time="0.051" /><testcase classname="backend.tests.test_sizing.TestProductCreateSizing" name="test_allow_price_b_zero_when_only_tier_a" time="0.043" /><testcase classname="backend.tests.test_sizing.TestProductUpdateSizing" name="test_update_sizing_fields_persist" time="0.130" /><testcase classname="backend.tests.test_sizing.TestProductUpdateSizing" name="test_update_turn_off_has_sizes_clears_fields" time="0.089" /><testcase classname="backend.tests.test_sizing.TestSalesSizing" name="test_sale_tier_a_M" time="0.313" /><testcase classname="backend.tests.test_sizing.TestSalesSizing" name="test_sale_tier_b_XXL" time="0.142" /><testcase classname="backend.tests.test_sizing.TestSalesSizing" name="test_sale_missing_size_rejected" time="0.041" /><testcase classname="backend.tests.test_sizing.TestSalesSizing" name="test_sale_invalid_size_rejected" time="0.051" /><testcase classname="backend.tests.test_sizing.TestBackwardCompat" name="test_sale_nonsize_product_no_size_field" time="0.098" /><testcase classname="backend.tests.test_sizing.TestBackwardCompat" name="test_sale_nonsize_product_with_stray_size_ignored" time="0.632" /></testsuite></testsuites>