<?xml version="1.0" encoding="utf-8"?><testsuites name="pytest tests"><testsuite name="pytest" errors="0" failures="0" skipped="0" tests="6" time="2.303" timestamp="2026-07-20T08:04:19.637184+00:00" hostname="agent-env-0afbcb3a-7e7d-404d-818e-e21b39a6a2c4"><testcase classname="backend.tests.test_sales_report_branch.TestUserBranch" name="test_admin_set_plaza" time="0.508" /><testcase classname="backend.tests.test_sales_report_branch.TestUserBranch" name="test_kastem_user_branch_persisted" time="0.324" /><testcase classname="backend.tests.test_sales_report_branch.TestUserBranch" name="test_invalid_branch_sanitized" time="0.136" /><testcase classname="backend.tests.test_sales_report_branch.TestProductLengthMeter" name="test_create_product_with_length_meter" time="0.144" /><testcase classname="backend.tests.test_sales_report_branch.TestSalesReportBranch" name="test_report_analytics_alamat_meter_payment_col" time="0.717" /><testcase classname="backend.tests.test_sales_report_branch.TestSalesReportBranch" name="test_period_total_matches_row_sum" time="0.436" /></testsuite></testsuites>