<?xml version="1.0" encoding="utf-8"?><testsuites name="pytest tests"><testsuite name="pytest" errors="0" failures="0" skipped="0" tests="26" time="4.985" timestamp="2026-07-13T06:22:36.928865+00:00" hostname="agent-env-0afbcb3a-7e7d-404d-818e-e21b39a6a2c4"><testcase classname="backend.tests.test_cashbook.TestCashAccounts" name="test_default_accounts_seeded" time="0.527" /><testcase classname="backend.tests.test_cashbook.TestCashAccounts" name="test_create_custom_account" time="0.043" /><testcase classname="backend.tests.test_cashbook.TestCashAccounts" name="test_create_duplicate_code_400" time="0.042" /><testcase classname="backend.tests.test_cashbook.TestCashAccounts" name="test_create_invalid_type_400" time="0.041" /><testcase classname="backend.tests.test_cashbook.TestCashAccounts" name="test_system_account_code_immutable" time="0.171" /><testcase classname="backend.tests.test_cashbook.TestCashAccounts" name="test_delete_system_account_400" time="0.089" /><testcase classname="backend.tests.test_cashbook.TestCashSettings" name="test_get_settings_auto_init" time="0.043" /><testcase classname="backend.tests.test_cashbook.TestCashSettings" name="test_update_settings" time="0.135" /><testcase classname="backend.tests.test_cashbook.TestCashTransactions" name="test_create_transaction_success" time="0.066" /><testcase classname="backend.tests.test_cashbook.TestCashTransactions" name="test_create_zero_amount_rejected" time="0.043" /><testcase classname="backend.tests.test_cashbook.TestCashTransactions" name="test_create_empty_description_rejected" time="0.042" /><testcase classname="backend.tests.test_cashbook.TestCashTransactions" name="test_create_invalid_account_404" time="0.047" /><testcase classname="backend.tests.test_cashbook.TestCashTransactions" name="test_list_transactions_with_running_balance" time="0.085" /><testcase classname="backend.tests.test_cashbook.TestCashTransactions" name="test_update_manual_transaction" time="0.090" /><testcase classname="backend.tests.test_cashbook.TestCashTransactions" name="test_delete_manual_transaction" time="0.091" /><testcase classname="backend.tests.test_cashbook.TestCashTransactions" name="test_balance_endpoint" time="0.044" /><testcase classname="backend.tests.test_cashbook.TestCashTransactions" name="test_summary_endpoint" time="0.046" /><testcase classname="backend.tests.test_cashbook.TestCashTransactions" name="test_export_excel" time="1.937" /><testcase classname="backend.tests.test_cashbook.TestSalesToCashIntegration" name="test_sale_auto_creates_cash_tx" time="0.186" /><testcase classname="backend.tests.test_cashbook.TestSalesToCashIntegration" name="test_edit_auto_tx_rejected" time="0.172" /><testcase classname="backend.tests.test_cashbook.TestSalesToCashIntegration" name="test_delete_sale_cascades_auto_cash_tx" time="0.088" /><testcase classname="backend.tests.test_cashbook.TestPOPayToCashIntegration" name="test_po_pay_auto_creates_cash_tx" time="0.241" /><testcase classname="backend.tests.test_cashbook.TestPOPayToCashIntegration" name="test_po_pay_negative_rejected_no_cash_tx" time="0.170" /><testcase classname="backend.tests.test_cashbook.TestRegressionSalesAndPO" name="test_sales_list_ok" time="0.041" /><testcase classname="backend.tests.test_cashbook.TestRegressionSalesAndPO" name="test_sales_stats_ok" time="0.087" /><testcase classname="backend.tests.test_cashbook.TestRegressionSalesAndPO" name="test_po_list_still_returns_full_doc" time="0.349" /></testsuite></testsuites>