<?xml version="1.0" encoding="utf-8"?><testsuites name="pytest tests"><testsuite name="pytest" errors="0" failures="0" skipped="0" tests="14" time="2.978" timestamp="2026-06-17T02:08:37.172109+00:00" hostname="agent-env-0afbcb3a-7e7d-404d-818e-e21b39a6a2c4"><testcase classname="test_payroll_api.TestAuth" name="test_login_success" time="0.489" /><testcase classname="test_payroll_api.TestAuth" name="test_login_invalid" time="0.351" /><testcase classname="test_payroll_api.TestAuth" name="test_me_with_cookie" time="0.373" /><testcase classname="test_payroll_api.TestAuth" name="test_me_without_auth" time="0.098" /><testcase classname="test_payroll_api.TestAuth" name="test_protected_employees_requires_auth" time="0.098" /><testcase classname="test_payroll_api.TestEmployeesAndPayroll" name="test_employee_persisted" time="0.482" /><testcase classname="test_payroll_api.TestEmployeesAndPayroll" name="test_employee_duplicate_nik_fails" time="0.042" /><testcase classname="test_payroll_api.TestEmployeesAndPayroll" name="test_employee_update" time="0.092" /><testcase classname="test_payroll_api.TestEmployeesAndPayroll" name="test_employee_list" time="0.044" /><testcase classname="test_payroll_api.TestEmployeesAndPayroll" name="test_payroll_preview" time="0.044" /><testcase classname="test_payroll_api.TestEmployeesAndPayroll" name="test_payroll_run_and_idempotent" time="0.236" /><testcase classname="test_payroll_api.TestEmployeesAndPayroll" name="test_dashboard_stats" time="0.049" /><testcase classname="test_payroll_api.TestEmployeesAndPayroll" name="test_config_constants" time="0.175" /><testcase classname="test_payroll_api.TestLogout" name="test_logout_clears_cookie" time="0.369" /></testsuite></testsuites>