<?xml version="1.0" encoding="utf-8"?><testsuites name="pytest tests"><testsuite name="pytest" errors="0" failures="0" skipped="0" tests="31" time="5.988" timestamp="2026-06-17T02:46:34.542144+00:00" hostname="agent-env-0afbcb3a-7e7d-404d-818e-e21b39a6a2c4"><testcase classname="test_new_features.TestConfigEditable" name="test_get_constants_full" time="0.436" /><testcase classname="test_new_features.TestConfigEditable" name="test_put_constants_partial_persist" time="0.329" /><testcase classname="test_new_features.TestTHR" name="test_thr_preview_structure" time="0.408" /><testcase classname="test_new_features.TestTHR" name="test_thr_run_and_list" time="0.195" /><testcase classname="test_new_features.TestTHR" name="test_thr_slips_not_found" time="0.044" /><testcase classname="test_new_features.TestTHR" name="test_thr_invalid_period" time="0.047" /><testcase classname="test_new_features.TestBankExport" name="test_generic_csv_headers" time="0.449" /><testcase classname="test_new_features.TestBankExport" name="test_bca_format" time="0.045" /><testcase classname="test_new_features.TestBankExport" name="test_mandiri_format" time="0.055" /><testcase classname="test_new_features.TestBankExport" name="test_bni_format" time="0.056" /><testcase classname="test_new_features.TestBankExport" name="test_bri_format" time="0.050" /><testcase classname="test_new_features.TestBankExport" name="test_invalid_format" time="0.064" /><testcase classname="test_new_features.TestBankExport" name="test_unknown_period" time="0.051" /><testcase classname="test_new_features.TestEmail" name="test_email_all_mock_mode" time="0.505" /><testcase classname="test_new_features.TestEmail" name="test_email_single_with_email" time="0.210" /><testcase classname="test_new_features.TestEmail" name="test_email_single_no_email_returns_400" time="0.158" /><testcase classname="test_new_features.TestEmail" name="test_email_unknown_slip" time="0.084" /><testcase classname="test_payroll_api.TestAuth" name="test_login_success" time="0.337" /><testcase classname="test_payroll_api.TestAuth" name="test_login_invalid" time="0.317" /><testcase classname="test_payroll_api.TestAuth" name="test_me_with_cookie" time="0.361" /><testcase classname="test_payroll_api.TestAuth" name="test_me_without_auth" time="0.109" /><testcase classname="test_payroll_api.TestAuth" name="test_protected_employees_requires_auth" time="0.094" /><testcase classname="test_payroll_api.TestEmployeesAndPayroll" name="test_employee_persisted" time="0.462" /><testcase classname="test_payroll_api.TestEmployeesAndPayroll" name="test_employee_duplicate_nik_fails" time="0.045" /><testcase classname="test_payroll_api.TestEmployeesAndPayroll" name="test_employee_update" time="0.092" /><testcase classname="test_payroll_api.TestEmployeesAndPayroll" name="test_employee_list" time="0.053" /><testcase classname="test_payroll_api.TestEmployeesAndPayroll" name="test_payroll_preview" time="0.055" /><testcase classname="test_payroll_api.TestEmployeesAndPayroll" name="test_payroll_run_and_idempotent" time="0.234" /><testcase classname="test_payroll_api.TestEmployeesAndPayroll" name="test_dashboard_stats" time="0.050" /><testcase classname="test_payroll_api.TestEmployeesAndPayroll" name="test_config_constants" time="0.178" /><testcase classname="test_payroll_api.TestLogout" name="test_logout_clears_cookie" time="0.381" /></testsuite></testsuites>