<?xml version="1.0" encoding="utf-8"?><testsuites name="pytest tests"><testsuite name="pytest" errors="0" failures="0" skipped="0" tests="20" time="5.115" timestamp="2026-06-24T06:50:40.730888+00:00" hostname="agent-env-0afbcb3a-7e7d-404d-818e-e21b39a6a2c4"><testcase classname="backend.tests.test_leave_module" name="test_admin_can_login" time="0.519" /><testcase classname="backend.tests.test_leave_module" name="test_employee_portal_login" time="0.177" /><testcase classname="backend.tests.test_leave_module" name="test_create_invalid_type_rejected" time="0.045" /><testcase classname="backend.tests.test_leave_module" name="test_create_terlambat_without_time_minutes_rejected" time="0.044" /><testcase classname="backend.tests.test_leave_module" name="test_create_pulang_awal_without_time_minutes_rejected" time="0.045" /><testcase classname="backend.tests.test_leave_module" name="test_create_bad_date_range_rejected" time="0.046" /><testcase classname="backend.tests.test_leave_module" name="test_create_bad_mime_rejected" time="0.043" /><testcase classname="backend.tests.test_leave_module" name="test_create_terlambat_and_appears_in_history" time="0.638" /><testcase classname="backend.tests.test_leave_module" name="test_create_tidak_masuk_multi_day" time="0.350" /><testcase classname="backend.tests.test_leave_module" name="test_create_sakit_without_file_optional" time="0.327" /><testcase classname="backend.tests.test_leave_module" name="test_create_with_pdf_file_upload" time="0.403" /><testcase classname="backend.tests.test_leave_module" name="test_cancel_pending" time="0.321" /><testcase classname="backend.tests.test_leave_module" name="test_admin_stats" time="0.045" /><testcase classname="backend.tests.test_leave_module" name="test_admin_list_and_filter" time="0.471" /><testcase classname="backend.tests.test_leave_module" name="test_admin_approve_flow" time="0.403" /><testcase classname="backend.tests.test_leave_module" name="test_admin_reject_requires_note" time="0.398" /><testcase classname="backend.tests.test_leave_module" name="test_cancel_already_processed_fails" time="0.643" /><testcase classname="backend.tests.test_leave_module" name="test_regression_employees_endpoint" time="0.042" /><testcase classname="backend.tests.test_leave_module" name="test_regression_portal_payslips" time="0.050" /><testcase classname="backend.tests.test_leave_module" name="test_regression_dashboard_stats" time="0.050" /></testsuite></testsuites>