<?xml version="1.0" encoding="utf-8"?><testsuites name="pytest tests"><testsuite name="pytest" errors="0" failures="0" skipped="0" tests="20" time="2.975" timestamp="2026-07-13T04:29:10.126000+00:00" hostname="agent-env-0afbcb3a-7e7d-404d-818e-e21b39a6a2c4"><testcase classname="backend.tests.test_sales.TestMaterialSellingPrice" name="test_material_accepts_selling_price" time="0.503" /><testcase classname="backend.tests.test_sales.TestMaterialSellingPrice" name="test_material_without_selling_price_defaults_zero" time="0.094" /><testcase classname="backend.tests.test_sales.TestSalesStats" name="test_stats_endpoint_shape" time="0.047" /><testcase classname="backend.tests.test_sales.TestSalesCreate" name="test_create_sale_success" time="0.191" /><testcase classname="backend.tests.test_sales.TestSalesCreate" name="test_create_sale_reject_cash_less_than_total" time="0.043" /><testcase classname="backend.tests.test_sales.TestSalesCreate" name="test_create_sale_reject_insufficient_stock" time="0.043" /><testcase classname="backend.tests.test_sales.TestSalesCreate" name="test_create_sale_reject_empty_items" time="0.049" /><testcase classname="backend.tests.test_sales.TestSalesCreate" name="test_create_sale_reject_zero_dimension" time="0.046" /><testcase classname="backend.tests.test_sales.TestSalesListAndGet" name="test_list_returns_desc" time="0.140" /><testcase classname="backend.tests.test_sales.TestSalesListAndGet" name="test_get_single_sale" time="0.146" /><testcase classname="backend.tests.test_sales.TestSalesListAndGet" name="test_list_filter_date_range" time="0.045" /><testcase classname="backend.tests.test_sales.TestSalesReceipt" name="test_receipt_html_content" time="0.096" /><testcase classname="backend.tests.test_sales.TestSalesReceipt" name="test_receipt_uses_arial_not_courier" time="0.095" /><testcase classname="backend.tests.test_sales.TestSalesReceipt" name="test_receipt_all_bold_and_black" time="0.091" /><testcase classname="backend.tests.test_sales.TestSalesReceipt" name="test_receipt_no_gray_colors_inside_receipt" time="0.099" /><testcase classname="backend.tests.test_sales.TestSalesReceipt" name="test_receipt_page_width_and_margin" time="0.094" /><testcase classname="backend.tests.test_sales.TestSalesReceipt" name="test_receipt_has_full_transaction_data" time="0.094" /><testcase classname="backend.tests.test_sales.TestSalesReceipt" name="test_receipt_has_print_button" time="0.093" /><testcase classname="backend.tests.test_sales.TestSalesDelete" name="test_delete_rollbacks_stock" time="0.275" /><testcase classname="backend.tests.test_sales.TestSalesDelete" name="test_delete_404" time="0.622" /></testsuite></testsuites>