<?xml version="1.0" encoding="utf-8"?><testsuites name="pytest tests"><testsuite name="pytest" errors="0" failures="0" skipped="0" tests="20" time="8.194" timestamp="2026-07-11T06:28:49.830895+00:00" hostname="agent-env-0afbcb3a-7e7d-404d-818e-e21b39a6a2c4"><testcase classname="backend.tests.test_purchasing.TestSupplierCRUD" name="test_supplier_create_and_list" time="0.422" /><testcase classname="backend.tests.test_purchasing.TestSupplierCRUD" name="test_supplier_duplicate_case_insensitive" time="0.369" /><testcase classname="backend.tests.test_purchasing.TestSupplierCRUD" name="test_supplier_empty_name" time="0.386" /><testcase classname="backend.tests.test_purchasing.TestSupplierCRUD" name="test_supplier_update" time="0.374" /><testcase classname="backend.tests.test_purchasing.TestPurchaseOrder" name="test_po_create_requires_items" time="0.377" /><testcase classname="backend.tests.test_purchasing.TestPurchaseOrder" name="test_po_create_success" time="0.487" /><testcase classname="backend.tests.test_purchasing.TestPurchaseOrder" name="test_po_list_enriched" time="0.360" /><testcase classname="backend.tests.test_purchasing.TestPurchaseOrder" name="test_po_pay_partial" time="0.358" /><testcase classname="backend.tests.test_purchasing.TestPurchaseOrder" name="test_po_pay_negative_rejected" time="0.359" /><testcase classname="backend.tests.test_purchasing.TestPurchaseOrder" name="test_po_receive_updates_stock_and_price" time="0.489" /><testcase classname="backend.tests.test_purchasing.TestPurchaseOrder" name="test_po_receive_idempotent" time="0.363" /><testcase classname="backend.tests.test_purchasing.TestPurchaseOrder" name="test_po_pay_lunas" time="0.360" /><testcase classname="backend.tests.test_purchasing.TestPurchaseOrder" name="test_po_cancel_rejects_received" time="0.365" /><testcase classname="backend.tests.test_purchasing.TestPurchaseOrder" name="test_price_history_grouped" time="0.378" /><testcase classname="backend.tests.test_purchasing.TestPurchaseOrder" name="test_stats" time="0.368" /><testcase classname="backend.tests.test_purchasing.TestPurchaseOrder" name="test_po_delete_received_rollback_stock" time="0.559" /><testcase classname="backend.tests.test_purchasing.TestPOCancel" name="test_create_and_cancel_draft" time="0.461" /><testcase classname="backend.tests.test_purchasing.TestSupplierDelete" name="test_supplier_soft_delete_when_has_po" time="0.497" /><testcase classname="backend.tests.test_purchasing.TestSupplierDelete" name="test_supplier_hard_delete_when_no_po" time="0.404" /><testcase classname="backend.tests.test_purchasing" name="test_zzz_cleanup" time="0.393" /></testsuite></testsuites>