<?xml version="1.0" encoding="utf-8"?><testsuites name="pytest tests"><testsuite name="pytest" errors="0" failures="0" skipped="0" tests="17" time="5.114" timestamp="2026-06-17T04:26:16.912874+00:00" hostname="agent-env-0afbcb3a-7e7d-404d-818e-e21b39a6a2c4"><testcase classname="backend.tests.test_annual_bukti_potong.TestPortalAnnual" name="test_requires_auth" time="0.266" /><testcase classname="backend.tests.test_annual_bukti_potong.TestPortalAnnual" name="test_2026_returns_2_months_for_syarif" time="0.178" /><testcase classname="backend.tests.test_annual_bukti_potong.TestPortalAnnual" name="test_year_with_no_data_returns_empty_summary" time="0.162" /><testcase classname="backend.tests.test_annual_bukti_potong.TestPortalBuktiPotongPDF" name="test_requires_auth" time="0.163" /><testcase classname="backend.tests.test_annual_bukti_potong.TestPortalBuktiPotongPDF" name="test_valid_year_returns_pdf" time="0.377" /><testcase classname="backend.tests.test_annual_bukti_potong.TestPortalBuktiPotongPDF" name="test_year_without_data_returns_404" time="0.178" /><testcase classname="backend.tests.test_annual_bukti_potong.TestAdminBuktiPotongPDF" name="test_requires_admin_auth" time="0.502" /><testcase classname="backend.tests.test_annual_bukti_potong.TestAdminBuktiPotongPDF" name="test_portal_cookie_cannot_access_admin_endpoint" time="0.565" /><testcase classname="backend.tests.test_annual_bukti_potong.TestAdminBuktiPotongPDF" name="test_admin_can_download_any_employee_pdf" time="0.515" /><testcase classname="backend.tests.test_annual_bukti_potong.TestAdminBuktiPotongPDF" name="test_admin_unknown_employee_returns_404" time="0.369" /><testcase classname="backend.tests.test_annual_bukti_potong.TestAdminBuktiPotongPDF" name="test_admin_year_no_data_returns_404" time="0.430" /><testcase classname="backend.tests.test_annual_bukti_potong.TestPortalOwnershipScope" name="test_portal_endpoint_has_no_employee_id_param" time="0.139" /><testcase classname="backend.tests.test_annual_bukti_potong.TestPortalRegression" name="test_portal_me" time="0.137" /><testcase classname="backend.tests.test_annual_bukti_potong.TestPortalRegression" name="test_portal_payslips" time="0.131" /><testcase classname="backend.tests.test_annual_bukti_potong.TestPortalRegression" name="test_portal_thr" time="0.219" /><testcase classname="backend.tests.test_annual_bukti_potong.TestPortalRegression" name="test_admin_me" time="0.370" /><testcase classname="backend.tests.test_annual_bukti_potong.TestPortalRegression" name="test_admin_employees_list" time="0.356" /></testsuite></testsuites>