<?xml version="1.0" encoding="utf-8"?><testsuites name="pytest tests"><testsuite name="pytest" errors="0" failures="4" skipped="0" tests="17" time="6.648" timestamp="2026-07-17T02:33:02.965775+00:00" hostname="agent-env-0afbcb3a-7e7d-404d-818e-e21b39a6a2c4"><testcase classname="backend.tests.test_sales_payment_methods.TestSeedAccounts" name="test_all_5_payment_accounts_exist" time="2.504" /><testcase classname="backend.tests.test_sales_payment_methods.TestSalesCreatePaymentMethod" name="test_cash_creates_301" time="0.164" /><testcase classname="backend.tests.test_sales_payment_methods.TestSalesCreatePaymentMethod" name="test_transfer_bca_creates_301_bca" time="0.102" /><testcase classname="backend.tests.test_sales_payment_methods.TestSalesCreatePaymentMethod" name="test_transfer_mandiri_creates_301_mdr" time="0.101" /><testcase classname="backend.tests.test_sales_payment_methods.TestSalesCreatePaymentMethod" name="test_shopee_plaza_creates_301_spp" time="0.107" /><testcase classname="backend.tests.test_sales_payment_methods.TestSalesCreatePaymentMethod" name="test_shopee_kastem_creates_301_spk" time="0.099" /><testcase classname="backend.tests.test_sales_payment_methods.TestSalesCreatePaymentMethod" name="test_legacy_tunai_still_treated_as_cash" time="0.104" /><testcase classname="backend.tests.test_sales_payment_methods.TestSalesUpdatePaymentMethod" name="test_change_cash_to_transfer_bca" time="0.191" /><testcase classname="backend.tests.test_sales_payment_methods.TestSalesUpdatePaymentMethod" name="test_change_transfer_bca_to_shopee_plaza" time="0.173" /><testcase classname="backend.tests.test_sales_payment_methods.TestSalesDeleteRollback" name="test_delete_removes_cash_tx[cash-None-301]" time="0.286" /><testcase classname="backend.tests.test_sales_payment_methods.TestSalesDeleteRollback" name="test_delete_removes_cash_tx[transfer-BCA-301-BCA]" time="0.287"><failure message="AssertionError: Expected 0 tx after delete, got 1: [{'id': '89af241d-300f-4430-ac3a-852e2ae02a2e', 'date': '2026-07-17', 'account_code': '301-BCA', 'account_name': 'Penjualan via Transfer BCA', 'type': 'in', 'description': 'Penjualan NOTA-20260717-0009 — TEST_PAY_Customer · Transfer BCA', 'amount': 50000.0, 'reference': 'NOTA-20260717-0009', 'auto': True, 'created_by': 'admin@payroll.id', 'created_at': '2026-07-17T02:33:06.887364+00:00', 'balance': 2334500.0}]&#10;assert 1 == 0&#10; +  where 1 = len([{'account_code': '301-BCA', 'account_name': 'Penjualan via Transfer BCA', 'amount': 50000.0, 'auto': True, ...}])">E   AssertionError: Expected 0 tx after delete, got 1: [{'id': '89af241d-300f-4430-ac3a-852e2ae02a2e', 'date': '2026-07-17', 'account_code': '301-BCA', 'account_name': 'Penjualan via Transfer BCA', 'type': 'in', 'description': 'Penjualan NOTA-20260717-0009 — TEST_PAY_Customer · Transfer BCA', 'amount': 50000.0, 'reference': 'NOTA-20260717-0009', 'auto': True, 'created_by': 'admin@payroll.id', 'created_at': '2026-07-17T02:33:06.887364+00:00', 'balance': 2334500.0}]
    assert 1 == 0
     +  where 1 = len([{'account_code': '301-BCA', 'account_name': 'Penjualan via Transfer BCA', 'amount': 50000.0, 'auto': True, ...}])</failure></testcase><testcase classname="backend.tests.test_sales_payment_methods.TestSalesDeleteRollback" name="test_delete_removes_cash_tx[transfer-Mandiri-301-MDR]" time="0.347"><failure message="AssertionError: Expected 0 tx after delete, got 1: [{'id': '7444dc5c-cea8-4463-b6c6-18012f123d86', 'date': '2026-07-17', 'account_code': '301-MDR', 'account_name': 'Penjualan via Transfer Mandiri', 'type': 'in', 'description': 'Penjualan NOTA-20260717-0009 — TEST_PAY_Customer · Transfer Mandiri', 'amount': 50000.0, 'reference': 'NOTA-20260717-0009', 'auto': True, 'created_by': 'admin@payroll.id', 'created_at': '2026-07-17T02:33:07.175919+00:00', 'balance': 2384500.0}]&#10;assert 1 == 0&#10; +  where 1 = len([{'account_code': '301-MDR', 'account_name': 'Penjualan via Transfer Mandiri', 'amount': 50000.0, 'auto': True, ...}])">E   AssertionError: Expected 0 tx after delete, got 1: [{'id': '7444dc5c-cea8-4463-b6c6-18012f123d86', 'date': '2026-07-17', 'account_code': '301-MDR', 'account_name': 'Penjualan via Transfer Mandiri', 'type': 'in', 'description': 'Penjualan NOTA-20260717-0009 — TEST_PAY_Customer · Transfer Mandiri', 'amount': 50000.0, 'reference': 'NOTA-20260717-0009', 'auto': True, 'created_by': 'admin@payroll.id', 'created_at': '2026-07-17T02:33:07.175919+00:00', 'balance': 2384500.0}]
    assert 1 == 0
     +  where 1 = len([{'account_code': '301-MDR', 'account_name': 'Penjualan via Transfer Mandiri', 'amount': 50000.0, 'auto': True, ...}])</failure></testcase><testcase classname="backend.tests.test_sales_payment_methods.TestSalesDeleteRollback" name="test_delete_removes_cash_tx[shopee_plaza-None-301-SPP]" time="0.411"><failure message="AssertionError: Expected 0 tx after delete, got 1: [{'id': '2127401a-501d-4949-b461-92ff7ef18185', 'date': '2026-07-17', 'account_code': '301-SPP', 'account_name': 'Penjualan via Shopee Plaza', 'type': 'in', 'description': 'Penjualan NOTA-20260717-0009 — TEST_PAY_Customer · Shopee Plaza', 'amount': 50000.0, 'reference': 'NOTA-20260717-0009', 'auto': True, 'created_by': 'admin@payroll.id', 'created_at': '2026-07-17T02:33:07.523581+00:00', 'balance': 2434500.0}]&#10;assert 1 == 0&#10; +  where 1 = len([{'account_code': '301-SPP', 'account_name': 'Penjualan via Shopee Plaza', 'amount': 50000.0, 'auto': True, ...}])">E   AssertionError: Expected 0 tx after delete, got 1: [{'id': '2127401a-501d-4949-b461-92ff7ef18185', 'date': '2026-07-17', 'account_code': '301-SPP', 'account_name': 'Penjualan via Shopee Plaza', 'type': 'in', 'description': 'Penjualan NOTA-20260717-0009 — TEST_PAY_Customer · Shopee Plaza', 'amount': 50000.0, 'reference': 'NOTA-20260717-0009', 'auto': True, 'created_by': 'admin@payroll.id', 'created_at': '2026-07-17T02:33:07.523581+00:00', 'balance': 2434500.0}]
    assert 1 == 0
     +  where 1 = len([{'account_code': '301-SPP', 'account_name': 'Penjualan via Shopee Plaza', 'amount': 50000.0, 'auto': True, ...}])</failure></testcase><testcase classname="backend.tests.test_sales_payment_methods.TestSalesDeleteRollback" name="test_delete_removes_cash_tx[shopee_kastem-None-301-SPK]" time="0.472"><failure message="AssertionError: Expected 0 tx after delete, got 1: [{'id': 'b780c663-3ee9-44ec-83f6-b76e78e45018', 'date': '2026-07-17', 'account_code': '301-SPK', 'account_name': 'Penjualan via Shopee Kastem', 'type': 'in', 'description': 'Penjualan NOTA-20260717-0009 — TEST_PAY_Customer · Shopee Kastem', 'amount': 50000.0, 'reference': 'NOTA-20260717-0009', 'auto': True, 'created_by': 'admin@payroll.id', 'created_at': '2026-07-17T02:33:07.938540+00:00', 'balance': 2484500.0}]&#10;assert 1 == 0&#10; +  where 1 = len([{'account_code': '301-SPK', 'account_name': 'Penjualan via Shopee Kastem', 'amount': 50000.0, 'auto': True, ...}])">E   AssertionError: Expected 0 tx after delete, got 1: [{'id': 'b780c663-3ee9-44ec-83f6-b76e78e45018', 'date': '2026-07-17', 'account_code': '301-SPK', 'account_name': 'Penjualan via Shopee Kastem', 'type': 'in', 'description': 'Penjualan NOTA-20260717-0009 — TEST_PAY_Customer · Shopee Kastem', 'amount': 50000.0, 'reference': 'NOTA-20260717-0009', 'auto': True, 'created_by': 'admin@payroll.id', 'created_at': '2026-07-17T02:33:07.938540+00:00', 'balance': 2484500.0}]
    assert 1 == 0
     +  where 1 = len([{'account_code': '301-SPK', 'account_name': 'Penjualan via Shopee Kastem', 'amount': 50000.0, 'auto': True, ...}])</failure></testcase><testcase classname="backend.tests.test_sales_payment_methods.TestOrphanCheck" name="test_orphan_check_returns_source_type_sale_for_301_bca" time="0.185" /><testcase classname="backend.tests.test_sales_payment_methods.TestSalesAnalyticsPayment" name="test_rows_have_payment_fields_and_method_breakdown" time="0.223" /><testcase classname="backend.tests.test_sales_payment_methods.TestRegressionPOOrphan" name="test_orphan_check_endpoint_still_supports_po" time="0.832" /></testsuite></testsuites>