<?xml version="1.0" encoding="utf-8"?><testsuites name="pytest tests"><testsuite name="pytest" errors="0" failures="0" skipped="0" tests="26" time="5.095" timestamp="2026-07-14T03:33:36.268496+00:00" hostname="agent-env-0afbcb3a-7e7d-404d-818e-e21b39a6a2c4"><testcase classname="backend.tests.test_categories" name="test_categories_list_all" time="0.626" /><testcase classname="backend.tests.test_categories" name="test_categories_list_filter_type" time="0.050" /><testcase classname="backend.tests.test_categories" name="test_categories_list_invalid_type" time="0.044" /><testcase classname="backend.tests.test_categories" name="test_categories_list_only_active" time="0.050" /><testcase classname="backend.tests.test_categories" name="test_create_category_ok" time="0.175" /><testcase classname="backend.tests.test_categories" name="test_create_category_invalid_type" time="0.046" /><testcase classname="backend.tests.test_categories" name="test_create_category_empty_name" time="0.054" /><testcase classname="backend.tests.test_categories" name="test_create_category_duplicate_case_insensitive" time="0.150" /><testcase classname="backend.tests.test_categories" name="test_update_category_rename_cascade" time="0.281" /><testcase classname="backend.tests.test_categories" name="test_delete_category_blocked_when_used" time="0.227" /><testcase classname="backend.tests.test_categories" name="test_delete_category_ok_when_unused" time="0.455" /><testcase classname="backend.tests.test_categories" name="test_backfill_categories" time="0.048" /><testcase classname="backend.tests.test_categories" name="test_categories_stats" time="0.056" /><testcase classname="backend.tests.test_categories" name="test_autoupsert_material_category" time="0.227" /><testcase classname="backend.tests.test_categories" name="test_autoupsert_customer_category" time="0.222" /><testcase classname="backend.tests.test_categories" name="test_autoupsert_supplier_category" time="0.234" /><testcase classname="backend.tests.test_categories" name="test_autoupsert_product_category" time="0.332" /><testcase classname="backend.tests.test_categories" name="test_autoupsert_via_material_update" time="0.277" /><testcase classname="backend.tests.test_categories" name="test_material_category_empty_rejected" time="0.060" /><testcase classname="backend.tests.test_categories" name="test_material_arbitrary_category_allowed" time="0.398" /><testcase classname="backend.tests.test_categories" name="test_material_legacy_flexy_still_works" time="0.118" /><testcase classname="backend.tests.test_categories" name="test_customer_without_category_ok" time="0.374" /><testcase classname="backend.tests.test_categories" name="test_supplier_without_category_ok" time="0.089" /><testcase classname="backend.tests.test_categories" name="test_product_without_category_ok" time="0.152" /><testcase classname="backend.tests.test_categories" name="test_update_category_duplicate_rejected" time="0.237" /><testcase classname="backend.tests.test_categories" name="test_update_category_not_found" time="0.053" /></testsuite></testsuites>