<?xml version="1.0" encoding="utf-8"?><testsuites name="pytest tests"><testsuite name="pytest" errors="0" failures="0" skipped="0" tests="18" time="7.361" timestamp="2026-07-20T03:44:12.739412+00:00" hostname="agent-env-0afbcb3a-7e7d-404d-818e-e21b39a6a2c4"><testcase classname="backend.tests.test_rbac" name="test_super_admin_login_and_me" time="0.512" /><testcase classname="backend.tests.test_rbac" name="test_super_admin_can_access_all_menus" time="0.525" /><testcase classname="backend.tests.test_rbac" name="test_privileged_user_login" time="0.605" /><testcase classname="backend.tests.test_rbac" name="test_privileged_allowed_endpoints" time="0.453" /><testcase classname="backend.tests.test_rbac" name="test_privileged_denied_endpoints[/employees-karyawan]" time="0.378" /><testcase classname="backend.tests.test_rbac" name="test_privileged_denied_endpoints[/payroll/runs-payroll]" time="0.399" /><testcase classname="backend.tests.test_rbac" name="test_privileged_denied_endpoints[/leave-izin_cuti]" time="0.359" /><testcase classname="backend.tests.test_rbac" name="test_privileged_denied_endpoints[/cashbook/accounts-kas_operasional]" time="0.388" /><testcase classname="backend.tests.test_rbac" name="test_privileged_denied_endpoints[/users-kelola_user]" time="0.368" /><testcase classname="backend.tests.test_rbac" name="test_privileged_denied_endpoints[/reports/profit-loss/2026-01-laba_rugi]" time="0.375" /><testcase classname="backend.tests.test_rbac" name="test_privileged_denied_endpoints[/categories-master_kategori]" time="0.370" /><testcase classname="backend.tests.test_rbac" name="test_privileged_denied_endpoints[/config/constants-konfigurasi]" time="0.362" /><testcase classname="backend.tests.test_rbac" name="test_permission_update_grants_access" time="0.528" /><testcase classname="backend.tests.test_rbac" name="test_privileged_with_kelola_user_can_crud_users" time="0.769" /><testcase classname="backend.tests.test_rbac" name="test_cannot_delete_last_super_admin" time="0.097" /><testcase classname="backend.tests.test_rbac" name="test_legacy_hr_leave_migrated" time="0.410" /><testcase classname="backend.tests.test_rbac" name="test_create_user_invalid_role" time="0.051" /><testcase classname="backend.tests.test_rbac" name="test_create_user_invalid_menu_key_sanitized" time="0.368" /></testsuite></testsuites>