<?xml version="1.0" encoding="utf-8"?><testsuites name="pytest tests"><testsuite name="pytest" errors="0" failures="0" skipped="0" tests="20" time="4.852" timestamp="2026-06-17T04:03:54.609681+00:00" hostname="agent-env-0afbcb3a-7e7d-404d-818e-e21b39a6a2c4"><testcase classname="backend.tests.test_portal.TestPortalLogin" name="test_login_success_sets_portal_token" time="0.135" /><testcase classname="backend.tests.test_portal.TestPortalLogin" name="test_login_wrong_nik" time="0.094" /><testcase classname="backend.tests.test_portal.TestPortalLogin" name="test_login_wrong_email" time="0.100" /><testcase classname="backend.tests.test_portal.TestPortalLogin" name="test_login_email_mismatch_with_valid_nik" time="0.096" /><testcase classname="backend.tests.test_portal.TestPortalMe" name="test_me_returns_logged_in_employee" time="0.142" /><testcase classname="backend.tests.test_portal.TestPortalMe" name="test_me_without_cookie_returns_401" time="0.104" /><testcase classname="backend.tests.test_portal.TestPortalPayslips" name="test_list_only_own_payslips" time="0.144" /><testcase classname="backend.tests.test_portal.TestPortalPayslips" name="test_get_own_slip_by_id" time="0.225" /><testcase classname="backend.tests.test_portal.TestPortalPayslips" name="test_get_other_employee_slip_returns_404" time="0.552" /><testcase classname="backend.tests.test_portal.TestPortalPayslips" name="test_pdf_for_own_slip" time="0.246" /><testcase classname="backend.tests.test_portal.TestPortalPayslips" name="test_pdf_for_foreign_slip_returns_404" time="0.546" /><testcase classname="backend.tests.test_portal.TestPortalTHR" name="test_thr_returns_only_own" time="0.138" /><testcase classname="backend.tests.test_portal.TestCrossAuthIsolation" name="test_admin_token_cannot_access_portal_me" time="0.355" /><testcase classname="backend.tests.test_portal.TestCrossAuthIsolation" name="test_admin_token_cannot_access_portal_payslips" time="0.414" /><testcase classname="backend.tests.test_portal.TestCrossAuthIsolation" name="test_admin_token_cannot_access_portal_thr" time="0.424" /><testcase classname="backend.tests.test_portal.TestCrossAuthIsolation" name="test_portal_token_cannot_access_admin_employees" time="0.138" /><testcase classname="backend.tests.test_portal.TestCrossAuthIsolation" name="test_portal_token_cannot_access_admin_payroll_slips" time="0.131" /><testcase classname="backend.tests.test_portal.TestCrossAuthIsolation" name="test_portal_token_cannot_access_admin_me" time="0.136" /><testcase classname="backend.tests.test_portal.TestCrossAuthIsolation" name="test_coexistence_both_cookies_in_same_session" time="0.496" /><testcase classname="backend.tests.test_portal.TestPortalLogout" name="test_logout_clears_portal_token" time="0.176" /></testsuite></testsuites>