<?xml version="1.0" encoding="utf-8"?><testsuites name="pytest tests"><testsuite name="pytest" errors="0" failures="0" skipped="0" tests="20" time="2.218" timestamp="2026-07-11T03:46:01.723841+00:00" hostname="agent-env-0afbcb3a-7e7d-404d-818e-e21b39a6a2c4"><testcase classname="backend.tests.test_inventory.TestInventoryAuth" name="test_requires_auth" time="0.210" /><testcase classname="backend.tests.test_inventory.TestMaterials" name="test_list_materials" time="0.389" /><testcase classname="backend.tests.test_inventory.TestMaterials" name="test_create_material_decimal" time="0.050" /><testcase classname="backend.tests.test_inventory.TestMaterials" name="test_get_created_material_persisted" time="0.049" /><testcase classname="backend.tests.test_inventory.TestMaterials" name="test_invalid_category" time="0.047" /><testcase classname="backend.tests.test_inventory.TestMaterials" name="test_invalid_unit" time="0.048" /><testcase classname="backend.tests.test_inventory.TestMaterials" name="test_update_material" time="0.052" /><testcase classname="backend.tests.test_inventory.TestStockIn" name="test_create_stock_in_increases_stock" time="0.150" /><testcase classname="backend.tests.test_inventory.TestStockIn" name="test_stock_in_quantity_zero_rejected" time="0.044" /><testcase classname="backend.tests.test_inventory.TestStockIn" name="test_stock_in_negative_rejected" time="0.046" /><testcase classname="backend.tests.test_inventory.TestStockIn" name="test_stock_in_unknown_material" time="0.049" /><testcase classname="backend.tests.test_inventory.TestStockIn" name="test_list_stock_in_enriched" time="0.051" /><testcase classname="backend.tests.test_inventory.TestWaste" name="test_create_waste_decreases_stock_and_computes_loss" time="0.137" /><testcase classname="backend.tests.test_inventory.TestWaste" name="test_waste_invalid_reason_rejected" time="0.049" /><testcase classname="backend.tests.test_inventory.TestWaste" name="test_waste_quantity_zero_rejected" time="0.048" /><testcase classname="backend.tests.test_inventory.TestStats" name="test_stats_shape" time="0.051" /><testcase classname="backend.tests.test_inventory.TestRollbackAndCleanup" name="test_delete_waste_restores_stock" time="0.147" /><testcase classname="backend.tests.test_inventory.TestRollbackAndCleanup" name="test_delete_stock_in_reverses_stock" time="0.154" /><testcase classname="backend.tests.test_inventory.TestRollbackAndCleanup" name="test_delete_material_hard_delete_when_no_history" time="0.104" /><testcase classname="backend.tests.test_inventory.TestSoftDelete" name="test_material_with_history_is_soft_deleted" time="0.288" /></testsuite></testsuites>