<?xml version="1.0" encoding="utf-8"?><testsuites name="pytest tests"><testsuite name="pytest" errors="0" failures="0" skipped="0" tests="27" time="4.930" timestamp="2026-06-24T07:46:50.260653+00:00" hostname="agent-env-0afbcb3a-7e7d-404d-818e-e21b39a6a2c4"><testcase classname="backend.tests.test_admin_roles.TestSuperAdminMigration" name="test_admin_role_migrated_to_super_admin" time="0.467" /><testcase classname="backend.tests.test_admin_roles.TestUserManagement" name="test_list_users" time="0.044" /><testcase classname="backend.tests.test_admin_roles.TestUserManagement" name="test_create_hr_leave_user" time="0.396" /><testcase classname="backend.tests.test_admin_roles.TestUserManagement" name="test_create_user_duplicate_email" time="0.454" /><testcase classname="backend.tests.test_admin_roles.TestUserManagement" name="test_create_user_short_password" time="0.043" /><testcase classname="backend.tests.test_admin_roles.TestUserManagement" name="test_create_user_invalid_role" time="0.045" /><testcase classname="backend.tests.test_admin_roles.TestUserManagement" name="test_update_user_name_and_role" time="1.017" /><testcase classname="backend.tests.test_admin_roles.TestUserManagement" name="test_delete_user" time="0.433" /><testcase classname="backend.tests.test_admin_roles.TestUserManagement" name="test_cannot_delete_self" time="0.086" /><testcase classname="backend.tests.test_admin_roles.TestUserManagement" name="test_cannot_delete_last_super_admin" time="0.124" /><testcase classname="backend.tests.test_admin_roles.TestHRLeaveRole" name="test_me_returns_hr_leave" time="0.674" /><testcase classname="backend.tests.test_admin_roles.TestHRLeaveRole" name="test_can_access_leave_stats" time="0.049" /><testcase classname="backend.tests.test_admin_roles.TestHRLeaveRole" name="test_can_list_leave_requests" time="0.047" /><testcase classname="backend.tests.test_admin_roles.TestHRLeaveRole" name="test_can_export_leave_excel" time="0.255" /><testcase classname="backend.tests.test_admin_roles.TestHRLeaveRole" name="test_can_export_leave_pdf" time="0.112" /><testcase classname="backend.tests.test_admin_roles.TestHRLeaveRole" name="test_forbidden_admin_endpoints[/api/employees]" time="0.066" /><testcase classname="backend.tests.test_admin_roles.TestHRLeaveRole" name="test_forbidden_admin_endpoints[/api/users]" time="0.049" /><testcase classname="backend.tests.test_admin_roles.TestHRLeaveRole" name="test_forbidden_admin_endpoints[/api/dashboard/stats]" time="0.049" /><testcase classname="backend.tests.test_admin_roles.TestHRLeaveRole" name="test_forbidden_admin_endpoints[/api/payroll/runs]" time="0.048" /><testcase classname="backend.tests.test_admin_roles.TestHRLeaveRole" name="test_forbidden_admin_endpoints[/api/config/constants]" time="0.049" /><testcase classname="backend.tests.test_admin_roles.TestSuperAdminFullAccess" name="test_super_admin_can_access[/api/employees]" time="0.066" /><testcase classname="backend.tests.test_admin_roles.TestSuperAdminFullAccess" name="test_super_admin_can_access[/api/users]" time="0.044" /><testcase classname="backend.tests.test_admin_roles.TestSuperAdminFullAccess" name="test_super_admin_can_access[/api/dashboard/stats]" time="0.043" /><testcase classname="backend.tests.test_admin_roles.TestSuperAdminFullAccess" name="test_super_admin_can_access[/api/payroll/runs]" time="0.045" /><testcase classname="backend.tests.test_admin_roles.TestSuperAdminFullAccess" name="test_super_admin_can_access[/api/config/constants]" time="0.043" /><testcase classname="backend.tests.test_admin_roles.TestSuperAdminFullAccess" name="test_super_admin_can_access[/api/leave/stats]" time="0.045" /><testcase classname="backend.tests.test_admin_roles.TestSuperAdminFullAccess" name="test_super_admin_can_access[/api/leave]" time="0.087" /></testsuite></testsuites>