<?xml version="1.0" encoding="utf-8"?><testsuites name="pytest tests"><testsuite name="pytest" errors="0" failures="0" skipped="0" tests="40" time="5.098" timestamp="2026-07-14T01:06:15.909627+00:00" hostname="agent-env-0afbcb3a-7e7d-404d-818e-e21b39a6a2c4"><testcase classname="backend.tests.test_inventory.TestInventoryAuth" name="test_requires_auth" time="0.169" /><testcase classname="backend.tests.test_inventory.TestMaterials" name="test_list_materials" time="0.385" /><testcase classname="backend.tests.test_inventory.TestMaterials" name="test_create_material_decimal" time="0.047" /><testcase classname="backend.tests.test_inventory.TestMaterials" name="test_get_created_material_persisted" time="0.050" /><testcase classname="backend.tests.test_inventory.TestMaterials" name="test_invalid_category" time="0.044" /><testcase classname="backend.tests.test_inventory.TestMaterials" name="test_invalid_unit" time="0.042" /><testcase classname="backend.tests.test_inventory.TestMaterials" name="test_update_material" time="0.057" /><testcase classname="backend.tests.test_inventory.TestStockIn" name="test_create_stock_in_increases_stock" time="0.158" /><testcase classname="backend.tests.test_inventory.TestStockIn" name="test_stock_in_quantity_zero_rejected" time="0.059" /><testcase classname="backend.tests.test_inventory.TestStockIn" name="test_stock_in_negative_rejected" time="0.050" /><testcase classname="backend.tests.test_inventory.TestStockIn" name="test_stock_in_unknown_material" time="0.049" /><testcase classname="backend.tests.test_inventory.TestStockIn" name="test_list_stock_in_enriched" time="0.045" /><testcase classname="backend.tests.test_inventory.TestWaste" name="test_create_waste_decreases_stock_and_computes_loss" time="0.166" /><testcase classname="backend.tests.test_inventory.TestWaste" name="test_waste_invalid_reason_rejected" time="0.046" /><testcase classname="backend.tests.test_inventory.TestWaste" name="test_waste_quantity_zero_rejected" time="0.044" /><testcase classname="backend.tests.test_inventory.TestStats" name="test_stats_shape" time="0.048" /><testcase classname="backend.tests.test_inventory.TestRollbackAndCleanup" name="test_delete_waste_restores_stock" time="0.147" /><testcase classname="backend.tests.test_inventory.TestRollbackAndCleanup" name="test_delete_stock_in_reverses_stock" time="0.142" /><testcase classname="backend.tests.test_inventory.TestRollbackAndCleanup" name="test_delete_material_hard_delete_when_no_history" time="0.095" /><testcase classname="backend.tests.test_inventory.TestSoftDelete" name="test_material_with_history_is_soft_deleted" time="0.270" /><testcase classname="backend.tests.test_sales.TestMaterialSellingPrice" name="test_material_accepts_selling_price" time="0.508" /><testcase classname="backend.tests.test_sales.TestMaterialSellingPrice" name="test_material_without_selling_price_defaults_zero" time="0.093" /><testcase classname="backend.tests.test_sales.TestSalesStats" name="test_stats_endpoint_shape" time="0.051" /><testcase classname="backend.tests.test_sales.TestSalesCreate" name="test_create_sale_success" time="0.185" /><testcase classname="backend.tests.test_sales.TestSalesCreate" name="test_create_sale_reject_cash_less_than_total" time="0.041" /><testcase classname="backend.tests.test_sales.TestSalesCreate" name="test_create_sale_reject_insufficient_stock" time="0.044" /><testcase classname="backend.tests.test_sales.TestSalesCreate" name="test_create_sale_reject_empty_items" time="0.045" /><testcase classname="backend.tests.test_sales.TestSalesCreate" name="test_create_sale_reject_zero_dimension" time="0.044" /><testcase classname="backend.tests.test_sales.TestSalesListAndGet" name="test_list_returns_desc" time="0.151" /><testcase classname="backend.tests.test_sales.TestSalesListAndGet" name="test_get_single_sale" time="0.150" /><testcase classname="backend.tests.test_sales.TestSalesListAndGet" name="test_list_filter_date_range" time="0.045" /><testcase classname="backend.tests.test_sales.TestSalesReceipt" name="test_receipt_html_content" time="0.091" /><testcase classname="backend.tests.test_sales.TestSalesReceipt" name="test_receipt_uses_arial_not_courier" time="0.098" /><testcase classname="backend.tests.test_sales.TestSalesReceipt" name="test_receipt_all_bold_and_black" time="0.093" /><testcase classname="backend.tests.test_sales.TestSalesReceipt" name="test_receipt_no_gray_colors_inside_receipt" time="0.094" /><testcase classname="backend.tests.test_sales.TestSalesReceipt" name="test_receipt_page_width_and_margin" time="0.105" /><testcase classname="backend.tests.test_sales.TestSalesReceipt" name="test_receipt_has_full_transaction_data" time="0.099" /><testcase classname="backend.tests.test_sales.TestSalesReceipt" name="test_receipt_has_print_button" time="0.101" /><testcase classname="backend.tests.test_sales.TestSalesDelete" name="test_delete_rollbacks_stock" time="0.288" /><testcase classname="backend.tests.test_sales.TestSalesDelete" name="test_delete_404" time="0.612" /></testsuite></testsuites>