<?xml version="1.0" encoding="utf-8"?><testsuites name="pytest tests"><testsuite name="pytest" errors="0" failures="0" skipped="0" tests="7" time="1.082" timestamp="2026-07-14T06:24:43.467443+00:00" hostname="agent-env-0afbcb3a-7e7d-404d-818e-e21b39a6a2c4"><testcase classname="backend.tests.test_sales_defensive_refetch.TestBrosurBOMFlow" name="test_01_create_material_artpaper120" time="0.522" /><testcase classname="backend.tests.test_sales_defensive_refetch.TestBrosurBOMFlow" name="test_02_create_product_cetak_brosur" time="0.045" /><testcase classname="backend.tests.test_sales_defensive_refetch.TestBrosurBOMFlow" name="test_03_product_appears_in_only_active_list" time="0.044" /><testcase classname="backend.tests.test_sales_defensive_refetch.TestBrosurBOMFlow" name="test_04_post_sale_qty_5_reduces_stock" time="0.180" /><testcase classname="backend.tests.test_sales_defensive_refetch.TestBrosurBOMFlow" name="test_05_delete_sale_restores_stock" time="0.084" /><testcase classname="backend.tests.test_sales_defensive_refetch.TestBrosurBOMFlow" name="test_06_regression_optgroup_data_available" time="0.086" /><testcase classname="backend.tests.test_sales_defensive_refetch.TestBrosurBOMFlow" name="test_99_cleanup" time="0.092" /></testsuite></testsuites>